2025-06-19 00:05:26 [http-nio-8080-exec-10] INFO  o.e.p.s.SingleOrderServiceImpl - Finding all SingleOrders for order 54
2025-06-19 00:05:35 [http-nio-8080-exec-5] INFO  o.e.p.s.SingleOrderServiceImpl - Finding all SingleOrders for order 54
2025-06-19 00:05:37 [http-nio-8080-exec-7] INFO  o.e.p.s.SingleOrderServiceImpl - Finding all SingleOrders for order 54
2025-06-19 00:06:37 [http-nio-8080-exec-4] INFO  o.e.p.s.SingleOrderServiceImpl - Finding all SingleOrders for order 54
2025-06-19 00:37:29 [http-nio-8080-exec-4] INFO  o.e.p.s.SingleOrderServiceImpl - Finding all SingleOrders for order 54
2025-06-19 00:37:30 [http-nio-8080-exec-4] INFO  o.e.p.s.SingleOrderServiceImpl - Finding all SingleOrders for order 54
2025-06-19 00:37:30 [http-nio-8080-exec-5] INFO  o.e.p.s.SingleOrderServiceImpl - Finding all SingleOrders for order 54
2025-06-19 00:37:31 [http-nio-8080-exec-7] INFO  o.e.p.s.SingleOrderServiceImpl - Adding product 333 to order 54
2025-06-19 00:37:31 [http-nio-8080-exec-7] INFO  o.e.p.s.SingleOrderServiceImpl - Successfully added/updated product in order
2025-06-19 00:37:31 [http-nio-8080-exec-2] INFO  o.e.p.s.SingleOrderServiceImpl - Finding all SingleOrders for order 54
2025-06-19 00:37:35 [http-nio-8080-exec-3] INFO  o.e.p.s.SingleOrderServiceImpl - Finding all SingleOrders for order 54
2025-06-19 00:37:35 [http-nio-8080-exec-7] INFO  o.e.p.s.SingleOrderServiceImpl - Finding all SingleOrders for order 54
2025-06-19 00:37:35 [http-nio-8080-exec-1] INFO  o.e.p.s.SingleOrderServiceImpl - Finding all SingleOrders for order 54
2025-06-19 00:37:36 [http-nio-8080-exec-4] INFO  o.e.p.s.SingleOrderServiceImpl - Updating quantity for product 309 in order 54 to 2
2025-06-19 00:37:36 [http-nio-8080-exec-4] INFO  o.e.p.s.SingleOrderServiceImpl - Successfully updated quantity
2025-06-19 00:37:36 [http-nio-8080-exec-8] INFO  o.e.p.s.SingleOrderServiceImpl - Finding all SingleOrders for order 54
2025-06-19 00:37:36 [http-nio-8080-exec-5] INFO  o.e.p.s.SingleOrderServiceImpl - Updating quantity for product 309 in order 54 to 3
2025-06-19 00:37:36 [http-nio-8080-exec-5] INFO  o.e.p.s.SingleOrderServiceImpl - Successfully updated quantity
2025-06-19 00:37:36 [http-nio-8080-exec-9] INFO  o.e.p.s.SingleOrderServiceImpl - Finding all SingleOrders for order 54
2025-06-19 00:37:38 [http-nio-8080-exec-10] INFO  o.e.p.s.SingleOrderServiceImpl - Updating quantity for product 333 in order 54 to 1
2025-06-19 00:37:38 [http-nio-8080-exec-10] INFO  o.e.p.s.SingleOrderServiceImpl - Successfully updated quantity
2025-06-19 00:37:38 [http-nio-8080-exec-6] INFO  o.e.p.s.SingleOrderServiceImpl - Finding all SingleOrders for order 54
