2025-06-18 18:43:50 [http-nio-8080-exec-6] INFO  o.e.p.services.ReviewServiceImpl - Getting reviews for product id: 333
2025-06-18 18:43:50 [http-nio-8080-exec-6] INFO  o.e.p.services.ReviewServiceImpl - Found 1 reviews for product 333
2025-06-18 18:44:07 [http-nio-8080-exec-4] INFO  o.e.p.services.ReviewServiceImpl - Getting reviews for product id: 329
2025-06-18 18:44:07 [http-nio-8080-exec-4] INFO  o.e.p.services.ReviewServiceImpl - Found 0 reviews for product 329
2025-06-18 18:44:51 [http-nio-8080-exec-8] INFO  o.e.p.services.ReviewServiceImpl - Getting reviews for product id: 333
2025-06-18 18:44:51 [http-nio-8080-exec-8] INFO  o.e.p.services.ReviewServiceImpl - Found 1 reviews for product 333
2025-06-18 18:44:51 [http-nio-8080-exec-8] INFO  o.e.p.services.ReviewServiceImpl - Checking if user 1 has reviewed product 333
2025-06-18 18:44:51 [http-nio-8080-exec-8] INFO  o.e.p.services.ReviewServiceImpl - User 1 has reviewed product 333
2025-06-18 18:44:55 [http-nio-8080-exec-4] INFO  o.e.p.services.ReviewServiceImpl - Toggling like for review 55 by user 1
2025-06-18 18:44:55 [http-nio-8080-exec-4] INFO  o.e.p.services.ReviewServiceImpl - Removed like from review 55 by user 1
2025-06-18 18:44:55 [http-nio-8080-exec-4] INFO  o.e.p.services.ReviewServiceImpl - Successfully saved review after toggling like
2025-06-18 18:44:55 [http-nio-8080-exec-4] INFO  o.e.p.services.ReviewServiceImpl - Getting review by id: 55
2025-06-18 18:44:55 [http-nio-8080-exec-2] INFO  o.e.p.services.ReviewServiceImpl - Toggling like for review 55 by user 1
2025-06-18 18:44:55 [http-nio-8080-exec-2] INFO  o.e.p.services.ReviewServiceImpl - Added like to review 55 by user 1
2025-06-18 18:44:55 [http-nio-8080-exec-2] INFO  o.e.p.services.ReviewServiceImpl - Successfully saved review after toggling like
2025-06-18 18:44:55 [http-nio-8080-exec-2] INFO  o.e.p.services.ReviewServiceImpl - Getting review by id: 55
2025-06-18 18:45:04 [http-nio-8080-exec-10] INFO  o.e.p.services.ReviewServiceImpl - Getting reviews for product id: 298
2025-06-18 18:45:04 [http-nio-8080-exec-10] INFO  o.e.p.services.ReviewServiceImpl - Found 3 reviews for product 298
2025-06-18 18:45:04 [http-nio-8080-exec-10] INFO  o.e.p.services.ReviewServiceImpl - Checking if user 1 has reviewed product 298
2025-06-18 18:45:04 [http-nio-8080-exec-10] INFO  o.e.p.services.ReviewServiceImpl - User 1 has reviewed product 298
2025-06-18 18:45:07 [http-nio-8080-exec-4] INFO  o.e.p.services.ReviewServiceImpl - Toggling like for review 52 by user 1
2025-06-18 18:45:07 [http-nio-8080-exec-4] INFO  o.e.p.services.ReviewServiceImpl - Removed like from review 52 by user 1
2025-06-18 18:45:07 [http-nio-8080-exec-4] INFO  o.e.p.services.ReviewServiceImpl - Successfully saved review after toggling like
2025-06-18 18:45:07 [http-nio-8080-exec-4] INFO  o.e.p.services.ReviewServiceImpl - Getting review by id: 52
2025-06-18 18:45:10 [http-nio-8080-exec-1] INFO  o.e.p.services.ReviewServiceImpl - Toggling like for review 52 by user 1
2025-06-18 18:45:10 [http-nio-8080-exec-1] INFO  o.e.p.services.ReviewServiceImpl - Added like to review 52 by user 1
2025-06-18 18:45:10 [http-nio-8080-exec-1] INFO  o.e.p.services.ReviewServiceImpl - Successfully saved review after toggling like
2025-06-18 18:45:10 [http-nio-8080-exec-1] INFO  o.e.p.services.ReviewServiceImpl - Getting review by id: 52
2025-06-18 18:46:23 [http-nio-8080-exec-3] INFO  o.e.p.services.ReviewServiceImpl - Getting reviews for product id: 332
2025-06-18 18:46:23 [http-nio-8080-exec-3] INFO  o.e.p.services.ReviewServiceImpl - Found 0 reviews for product 332
2025-06-18 18:46:23 [http-nio-8080-exec-3] INFO  o.e.p.services.ReviewServiceImpl - Checking if user 1 has reviewed product 332
2025-06-18 18:46:23 [http-nio-8080-exec-3] INFO  o.e.p.services.ReviewServiceImpl - User 1 has not reviewed product 332
2025-06-18 18:47:45 [http-nio-8080-exec-1] INFO  o.e.p.services.ReviewServiceImpl - Getting reviews for product id: 325
2025-06-18 18:47:45 [http-nio-8080-exec-1] INFO  o.e.p.services.ReviewServiceImpl - Found 0 reviews for product 325
2025-06-18 18:47:45 [http-nio-8080-exec-1] INFO  o.e.p.services.ReviewServiceImpl - Checking if user 1 has reviewed product 325
2025-06-18 18:47:45 [http-nio-8080-exec-1] INFO  o.e.p.services.ReviewServiceImpl - User 1 has not reviewed product 325
2025-06-18 18:48:59 [http-nio-8080-exec-6] INFO  o.e.p.services.ReviewServiceImpl - Getting reviews for product id: 332
2025-06-18 18:48:59 [http-nio-8080-exec-6] INFO  o.e.p.services.ReviewServiceImpl - Found 0 reviews for product 332
2025-06-18 18:48:59 [http-nio-8080-exec-6] INFO  o.e.p.services.ReviewServiceImpl - Checking if user 1 has reviewed product 332
2025-06-18 18:48:59 [http-nio-8080-exec-6] INFO  o.e.p.services.ReviewServiceImpl - User 1 has not reviewed product 332
2025-06-18 19:17:51 [http-nio-8080-exec-9] INFO  o.e.p.services.ReviewServiceImpl - Getting reviews for product id: 332
2025-06-18 19:17:51 [http-nio-8080-exec-9] INFO  o.e.p.services.ReviewServiceImpl - Found 0 reviews for product 332
2025-06-18 19:17:51 [http-nio-8080-exec-9] INFO  o.e.p.services.ReviewServiceImpl - Checking if user 1 has reviewed product 332
2025-06-18 19:17:51 [http-nio-8080-exec-9] INFO  o.e.p.services.ReviewServiceImpl - User 1 has not reviewed product 332
2025-06-18 21:31:21 [http-nio-8080-exec-10] INFO  o.e.p.services.ReviewServiceImpl - Getting reviews for product id: 333
2025-06-18 21:31:21 [http-nio-8080-exec-10] INFO  o.e.p.services.ReviewServiceImpl - Found 1 reviews for product 333
2025-06-18 21:31:21 [http-nio-8080-exec-10] INFO  o.e.p.services.ReviewServiceImpl - Checking if user 1 has reviewed product 333
2025-06-18 21:31:21 [http-nio-8080-exec-10] INFO  o.e.p.services.ReviewServiceImpl - User 1 has reviewed product 333
2025-06-18 21:31:26 [http-nio-8080-exec-5] INFO  o.e.p.services.ReviewServiceImpl - Getting reviews for product id: 333
2025-06-18 21:31:26 [http-nio-8080-exec-5] INFO  o.e.p.services.ReviewServiceImpl - Found 1 reviews for product 333
2025-06-18 21:31:26 [http-nio-8080-exec-5] INFO  o.e.p.services.ReviewServiceImpl - Checking if user 1 has reviewed product 333
2025-06-18 21:31:26 [http-nio-8080-exec-5] INFO  o.e.p.services.ReviewServiceImpl - User 1 has reviewed product 333
2025-06-18 21:31:33 [http-nio-8080-exec-10] INFO  o.e.p.services.ReviewServiceImpl - Getting reviews for product id: 332
2025-06-18 21:31:33 [http-nio-8080-exec-10] INFO  o.e.p.services.ReviewServiceImpl - Found 0 reviews for product 332
2025-06-18 21:31:33 [http-nio-8080-exec-10] INFO  o.e.p.services.ReviewServiceImpl - Checking if user 1 has reviewed product 332
2025-06-18 21:31:33 [http-nio-8080-exec-10] INFO  o.e.p.services.ReviewServiceImpl - User 1 has not reviewed product 332
2025-06-18 21:31:43 [http-nio-8080-exec-7] INFO  o.e.p.services.ReviewServiceImpl - Getting reviews for product id: 332
2025-06-18 21:31:43 [http-nio-8080-exec-7] INFO  o.e.p.services.ReviewServiceImpl - Found 0 reviews for product 332
2025-06-18 21:31:43 [http-nio-8080-exec-7] INFO  o.e.p.services.ReviewServiceImpl - Checking if user 1 has reviewed product 332
2025-06-18 21:31:43 [http-nio-8080-exec-7] INFO  o.e.p.services.ReviewServiceImpl - User 1 has not reviewed product 332
2025-06-18 21:31:48 [http-nio-8080-exec-10] INFO  o.e.p.services.ReviewServiceImpl - Getting reviews for product id: 332
2025-06-18 21:31:48 [http-nio-8080-exec-10] INFO  o.e.p.services.ReviewServiceImpl - Found 0 reviews for product 332
2025-06-18 21:31:48 [http-nio-8080-exec-10] INFO  o.e.p.services.ReviewServiceImpl - Checking if user 1 has reviewed product 332
2025-06-18 21:31:48 [http-nio-8080-exec-10] INFO  o.e.p.services.ReviewServiceImpl - User 1 has not reviewed product 332
2025-06-18 21:34:32 [http-nio-8080-exec-4] INFO  o.e.p.services.ReviewServiceImpl - Getting reviews for product id: 326
2025-06-18 21:34:32 [http-nio-8080-exec-4] INFO  o.e.p.services.ReviewServiceImpl - Found 0 reviews for product 326
2025-06-18 21:34:32 [http-nio-8080-exec-4] INFO  o.e.p.services.ReviewServiceImpl - Checking if user 1 has reviewed product 326
2025-06-18 21:34:32 [http-nio-8080-exec-4] INFO  o.e.p.services.ReviewServiceImpl - User 1 has not reviewed product 326
2025-06-18 21:37:51 [http-nio-8080-exec-6] INFO  o.e.p.services.ReviewServiceImpl - Getting reviews for product id: 364
2025-06-18 21:37:51 [http-nio-8080-exec-6] INFO  o.e.p.services.ReviewServiceImpl - Found 0 reviews for product 364
2025-06-18 21:37:51 [http-nio-8080-exec-6] INFO  o.e.p.services.ReviewServiceImpl - Checking if user 1 has reviewed product 364
2025-06-18 21:37:51 [http-nio-8080-exec-6] INFO  o.e.p.services.ReviewServiceImpl - User 1 has not reviewed product 364
2025-06-18 21:37:54 [http-nio-8080-exec-2] INFO  o.e.p.services.ReviewServiceImpl - Checking if user 1 has reviewed product 364
2025-06-18 21:37:54 [http-nio-8080-exec-2] INFO  o.e.p.services.ReviewServiceImpl - User 1 has not reviewed product 364
2025-06-18 21:37:54 [http-nio-8080-exec-2] INFO  o.e.p.services.ReviewServiceImpl - Adding review for product 364 by user 1
2025-06-18 21:37:54 [http-nio-8080-exec-2] INFO  o.e.p.services.ReviewServiceImpl - Successfully saved review with id: 56
2025-06-18 21:37:56 [http-nio-8080-exec-10] INFO  o.e.p.services.ReviewServiceImpl - Toggling like for review 56 by user 1
2025-06-18 21:37:56 [http-nio-8080-exec-10] INFO  o.e.p.services.ReviewServiceImpl - Added like to review 56 by user 1
2025-06-18 21:37:56 [http-nio-8080-exec-10] INFO  o.e.p.services.ReviewServiceImpl - Successfully saved review after toggling like
2025-06-18 21:37:56 [http-nio-8080-exec-10] INFO  o.e.p.services.ReviewServiceImpl - Getting review by id: 56
2025-06-18 21:38:01 [http-nio-8080-exec-1] INFO  o.e.p.services.ReviewServiceImpl - Getting reviews for product id: 364
2025-06-18 21:38:01 [http-nio-8080-exec-1] INFO  o.e.p.services.ReviewServiceImpl - Found 1 reviews for product 364
2025-06-18 21:38:01 [http-nio-8080-exec-1] INFO  o.e.p.services.ReviewServiceImpl - Checking if user 1 has reviewed product 364
2025-06-18 21:38:01 [http-nio-8080-exec-1] INFO  o.e.p.services.ReviewServiceImpl - User 1 has reviewed product 364
2025-06-18 21:38:04 [http-nio-8080-exec-9] INFO  o.e.p.services.ITunesServiceImpl - Searching iTunes with URL: https://itunes.apple.com/search?term=Jazz&entity=song&attribute=genreTerm&limit=50
2025-06-18 22:25:22 [http-nio-8080-exec-10] INFO  o.e.p.services.ReviewServiceImpl - Getting reviews for product id: 332
2025-06-18 22:25:22 [http-nio-8080-exec-10] INFO  o.e.p.services.ReviewServiceImpl - Found 0 reviews for product 332
2025-06-18 22:25:22 [http-nio-8080-exec-10] INFO  o.e.p.services.ReviewServiceImpl - Checking if user 1 has reviewed product 332
2025-06-18 22:25:23 [http-nio-8080-exec-10] INFO  o.e.p.services.ReviewServiceImpl - User 1 has not reviewed product 332
2025-06-18 22:25:29 [http-nio-8080-exec-3] INFO  o.e.p.services.ReviewServiceImpl - Getting reviews for product id: 332
2025-06-18 22:25:29 [http-nio-8080-exec-3] INFO  o.e.p.services.ReviewServiceImpl - Found 0 reviews for product 332
2025-06-18 22:25:29 [http-nio-8080-exec-3] INFO  o.e.p.services.ReviewServiceImpl - Checking if user 1 has reviewed product 332
2025-06-18 22:25:29 [http-nio-8080-exec-3] INFO  o.e.p.services.ReviewServiceImpl - User 1 has not reviewed product 332
2025-06-18 22:48:22 [http-nio-8080-exec-1] INFO  o.e.p.services.ReviewServiceImpl - Getting reviews for product id: 332
2025-06-18 22:48:22 [http-nio-8080-exec-1] INFO  o.e.p.services.ReviewServiceImpl - Found 0 reviews for product 332
2025-06-18 22:48:31 [http-nio-8080-exec-7] INFO  o.e.p.services.ReviewServiceImpl - Getting reviews for product id: 333
2025-06-18 22:48:31 [http-nio-8080-exec-7] INFO  o.e.p.services.ReviewServiceImpl - Found 1 reviews for product 333
2025-06-18 22:48:31 [http-nio-8080-exec-7] INFO  o.e.p.services.ReviewServiceImpl - Checking if user 1 has reviewed product 333
2025-06-18 22:48:31 [http-nio-8080-exec-7] INFO  o.e.p.services.ReviewServiceImpl - User 1 has reviewed product 333
2025-06-18 22:48:36 [http-nio-8080-exec-3] INFO  o.e.p.services.ReviewServiceImpl - Getting reviews for product id: 318
2025-06-18 22:48:36 [http-nio-8080-exec-3] INFO  o.e.p.services.ReviewServiceImpl - Found 0 reviews for product 318
2025-06-18 22:48:36 [http-nio-8080-exec-3] INFO  o.e.p.services.ReviewServiceImpl - Checking if user 1 has reviewed product 318
2025-06-18 22:48:36 [http-nio-8080-exec-3] INFO  o.e.p.services.ReviewServiceImpl - User 1 has not reviewed product 318
2025-06-18 23:01:37 [http-nio-8080-exec-7] INFO  o.e.p.services.ReviewServiceImpl - Getting reviews for product id: 309
2025-06-18 23:01:37 [http-nio-8080-exec-7] INFO  o.e.p.services.ReviewServiceImpl - Found 0 reviews for product 309
2025-06-18 23:01:37 [http-nio-8080-exec-7] INFO  o.e.p.services.ReviewServiceImpl - Checking if user 1 has reviewed product 309
2025-06-18 23:01:37 [http-nio-8080-exec-7] INFO  o.e.p.services.ReviewServiceImpl - User 1 has not reviewed product 309
2025-06-18 23:02:39 [http-nio-8080-exec-3] INFO  o.e.p.services.ReviewServiceImpl - Getting reviews for product id: 332
2025-06-18 23:02:39 [http-nio-8080-exec-3] INFO  o.e.p.services.ReviewServiceImpl - Found 0 reviews for product 332
2025-06-18 23:02:39 [http-nio-8080-exec-3] INFO  o.e.p.services.ReviewServiceImpl - Checking if user 1 has reviewed product 332
2025-06-18 23:02:39 [http-nio-8080-exec-3] INFO  o.e.p.services.ReviewServiceImpl - User 1 has not reviewed product 332
2025-06-18 23:02:43 [http-nio-8080-exec-10] INFO  o.e.p.services.ReviewServiceImpl - Checking if user 1 has reviewed product 332
2025-06-18 23:02:43 [http-nio-8080-exec-10] INFO  o.e.p.services.ReviewServiceImpl - User 1 has not reviewed product 332
2025-06-18 23:02:43 [http-nio-8080-exec-10] INFO  o.e.p.services.ReviewServiceImpl - Adding review for product 332 by user 1
2025-06-18 23:02:43 [http-nio-8080-exec-10] INFO  o.e.p.services.ReviewServiceImpl - Successfully saved review with id: 57
2025-06-18 23:02:49 [http-nio-8080-exec-8] INFO  o.e.p.services.ReviewServiceImpl - Getting reviews for product id: 326
2025-06-18 23:02:49 [http-nio-8080-exec-8] INFO  o.e.p.services.ReviewServiceImpl - Found 0 reviews for product 326
2025-06-18 23:02:49 [http-nio-8080-exec-8] INFO  o.e.p.services.ReviewServiceImpl - Checking if user 1 has reviewed product 326
2025-06-18 23:02:49 [http-nio-8080-exec-8] INFO  o.e.p.services.ReviewServiceImpl - User 1 has not reviewed product 326
2025-06-18 23:02:56 [http-nio-8080-exec-1] INFO  o.e.p.services.ReviewServiceImpl - Checking if user 1 has reviewed product 326
2025-06-18 23:02:56 [http-nio-8080-exec-1] INFO  o.e.p.services.ReviewServiceImpl - User 1 has not reviewed product 326
2025-06-18 23:02:56 [http-nio-8080-exec-1] INFO  o.e.p.services.ReviewServiceImpl - Adding review for product 326 by user 1
2025-06-18 23:02:56 [http-nio-8080-exec-1] INFO  o.e.p.services.ReviewServiceImpl - Successfully saved review with id: 58
2025-06-18 23:52:10 [http-nio-8080-exec-1] INFO  o.e.p.services.ReviewServiceImpl - Getting reviews for product id: 332
2025-06-18 23:52:10 [http-nio-8080-exec-1] INFO  o.e.p.services.ReviewServiceImpl - Found 1 reviews for product 332
2025-06-18 23:52:45 [http-nio-8080-exec-6] INFO  o.e.p.services.ReviewServiceImpl - Getting reviews for product id: 333
2025-06-18 23:52:45 [http-nio-8080-exec-6] INFO  o.e.p.services.ReviewServiceImpl - Found 1 reviews for product 333
2025-06-18 23:52:45 [http-nio-8080-exec-6] INFO  o.e.p.services.ReviewServiceImpl - Checking if user 1 has reviewed product 333
2025-06-18 23:52:45 [http-nio-8080-exec-6] INFO  o.e.p.services.ReviewServiceImpl - User 1 has reviewed product 333
2025-06-18 23:53:07 [http-nio-8080-exec-1] INFO  o.e.p.services.ReviewServiceImpl - Getting reviews for product id: 298
2025-06-18 23:53:07 [http-nio-8080-exec-1] INFO  o.e.p.services.ReviewServiceImpl - Found 3 reviews for product 298
2025-06-18 23:53:07 [http-nio-8080-exec-1] INFO  o.e.p.services.ReviewServiceImpl - Checking if user 1 has reviewed product 298
2025-06-18 23:53:07 [http-nio-8080-exec-1] INFO  o.e.p.services.ReviewServiceImpl - User 1 has reviewed product 298
