2025-06-18 18:45:28 [http-nio-8080-exec-5] INFO  o.e.p.s.SingleOrderServiceImpl - Adding product 298 to order 52
2025-06-18 18:45:28 [http-nio-8080-exec-5] INFO  o.e.p.s.SingleOrderServiceImpl - Successfully added/updated product in order
2025-06-18 18:45:28 [http-nio-8080-exec-3] INFO  o.e.p.s.SingleOrderServiceImpl - Finding all SingleOrders for order 52
2025-06-18 18:46:22 [http-nio-8080-exec-8] INFO  o.e.p.s.SingleOrderServiceImpl - Finding all SingleOrders for order 52
2025-06-18 18:46:24 [http-nio-8080-exec-8] INFO  o.e.p.s.SingleOrderServiceImpl - Finding all SingleOrders for order 52
2025-06-18 18:46:24 [http-nio-8080-exec-3] INFO  o.e.p.s.SingleOrderServiceImpl - Finding all SingleOrders for order 52
2025-06-18 18:46:25 [http-nio-8080-exec-4] INFO  o.e.p.s.SingleOrderServiceImpl - Adding product 332 to order 52
2025-06-18 18:46:25 [http-nio-8080-exec-4] INFO  o.e.p.s.SingleOrderServiceImpl - Successfully added/updated product in order
2025-06-18 18:46:25 [http-nio-8080-exec-10] INFO  o.e.p.s.SingleOrderServiceImpl - Finding all SingleOrders for order 52
2025-06-18 18:46:28 [http-nio-8080-exec-1] INFO  o.e.p.s.SingleOrderServiceImpl - Finding all SingleOrders for order 52
2025-06-18 18:46:28 [http-nio-8080-exec-3] INFO  o.e.p.s.SingleOrderServiceImpl - Finding all SingleOrders for order 52
2025-06-18 18:46:28 [http-nio-8080-exec-10] INFO  o.e.p.s.SingleOrderServiceImpl - Finding all SingleOrders for order 52
2025-06-18 18:46:30 [http-nio-8080-exec-1] INFO  o.e.p.s.SingleOrderServiceImpl - Updating quantity for product 298 in order 52 to 2
2025-06-18 18:46:30 [http-nio-8080-exec-1] INFO  o.e.p.s.SingleOrderServiceImpl - Successfully updated quantity
2025-06-18 18:46:30 [http-nio-8080-exec-7] INFO  o.e.p.s.SingleOrderServiceImpl - Finding all SingleOrders for order 52
2025-06-18 22:48:32 [http-nio-8080-exec-9] INFO  o.e.p.s.SingleOrderServiceImpl - Adding product 333 to order 53
2025-06-18 22:48:32 [http-nio-8080-exec-9] INFO  o.e.p.s.SingleOrderServiceImpl - Successfully added/updated product in order
2025-06-18 22:48:32 [http-nio-8080-exec-1] INFO  o.e.p.s.SingleOrderServiceImpl - Finding all SingleOrders for order 53
2025-06-18 22:48:33 [http-nio-8080-exec-10] INFO  o.e.p.s.SingleOrderServiceImpl - Adding product 333 to order 53
2025-06-18 22:48:33 [http-nio-8080-exec-10] INFO  o.e.p.s.SingleOrderServiceImpl - Successfully added/updated product in order
2025-06-18 22:48:33 [http-nio-8080-exec-6] INFO  o.e.p.s.SingleOrderServiceImpl - Finding all SingleOrders for order 53
2025-06-18 22:48:35 [http-nio-8080-exec-3] INFO  o.e.p.s.SingleOrderServiceImpl - Finding all SingleOrders for order 53
2025-06-18 22:48:35 [http-nio-8080-exec-5] INFO  o.e.p.s.SingleOrderServiceImpl - Adding product 332 to order 53
2025-06-18 22:48:35 [http-nio-8080-exec-5] INFO  o.e.p.s.SingleOrderServiceImpl - Successfully added/updated product in order
2025-06-18 22:48:35 [http-nio-8080-exec-6] INFO  o.e.p.s.SingleOrderServiceImpl - Finding all SingleOrders for order 53
2025-06-18 22:48:36 [http-nio-8080-exec-8] INFO  o.e.p.s.SingleOrderServiceImpl - Finding all SingleOrders for order 53
2025-06-18 22:48:36 [http-nio-8080-exec-3] INFO  o.e.p.s.SingleOrderServiceImpl - Finding all SingleOrders for order 53
2025-06-18 22:48:37 [http-nio-8080-exec-9] INFO  o.e.p.s.SingleOrderServiceImpl - Adding product 318 to order 53
2025-06-18 22:48:37 [http-nio-8080-exec-9] INFO  o.e.p.s.SingleOrderServiceImpl - Successfully added/updated product in order
2025-06-18 22:48:38 [http-nio-8080-exec-4] INFO  o.e.p.s.SingleOrderServiceImpl - Finding all SingleOrders for order 53
2025-06-18 22:48:42 [http-nio-8080-exec-2] INFO  o.e.p.s.SingleOrderServiceImpl - Finding all SingleOrders for order 53
2025-06-18 22:48:43 [http-nio-8080-exec-8] INFO  o.e.p.s.SingleOrderServiceImpl - Finding all SingleOrders for order 53
2025-06-18 22:48:43 [http-nio-8080-exec-2] INFO  o.e.p.s.SingleOrderServiceImpl - Finding all SingleOrders for order 53
2025-06-18 22:51:00 [http-nio-8080-exec-5] INFO  o.e.p.s.SingleOrderServiceImpl - Finding all SingleOrders for order 53
2025-06-18 22:51:01 [http-nio-8080-exec-2] INFO  o.e.p.s.SingleOrderServiceImpl - Finding all SingleOrders for order 53
2025-06-18 22:51:01 [http-nio-8080-exec-5] INFO  o.e.p.s.SingleOrderServiceImpl - Finding all SingleOrders for order 53
2025-06-18 22:51:01 [http-nio-8080-exec-2] INFO  o.e.p.s.SingleOrderServiceImpl - Finding all SingleOrders for order 53
2025-06-18 22:51:03 [http-nio-8080-exec-3] INFO  o.e.p.s.SingleOrderServiceImpl - Updating quantity for product 333 in order 53 to 1
2025-06-18 22:51:03 [http-nio-8080-exec-3] INFO  o.e.p.s.SingleOrderServiceImpl - Successfully updated quantity
2025-06-18 22:51:03 [http-nio-8080-exec-8] INFO  o.e.p.s.SingleOrderServiceImpl - Finding all SingleOrders for order 53
2025-06-18 22:51:05 [http-nio-8080-exec-4] INFO  o.e.p.s.SingleOrderServiceImpl - Removing product 332 from order 53
2025-06-18 22:51:05 [http-nio-8080-exec-9] INFO  o.e.p.s.SingleOrderServiceImpl - Finding all SingleOrders for order 53
2025-06-18 22:51:07 [http-nio-8080-exec-6] INFO  o.e.p.s.SingleOrderServiceImpl - Updating quantity for product 318 in order 53 to 2
2025-06-18 22:51:07 [http-nio-8080-exec-6] INFO  o.e.p.s.SingleOrderServiceImpl - Successfully updated quantity
2025-06-18 22:51:07 [http-nio-8080-exec-1] INFO  o.e.p.s.SingleOrderServiceImpl - Finding all SingleOrders for order 53
2025-06-18 23:01:38 [http-nio-8080-exec-9] INFO  o.e.p.s.SingleOrderServiceImpl - Adding product 309 to order 54
2025-06-18 23:01:38 [http-nio-8080-exec-9] INFO  o.e.p.s.SingleOrderServiceImpl - Successfully added/updated product in order
2025-06-18 23:01:38 [http-nio-8080-exec-10] INFO  o.e.p.s.SingleOrderServiceImpl - Finding all SingleOrders for order 54
2025-06-18 23:01:40 [http-nio-8080-exec-4] INFO  o.e.p.s.SingleOrderServiceImpl - Finding all SingleOrders for order 54
2025-06-18 23:01:44 [http-nio-8080-exec-7] INFO  o.e.p.s.SingleOrderServiceImpl - Finding all SingleOrders for order 54
2025-06-18 23:01:50 [http-nio-8080-exec-1] INFO  o.e.p.s.SingleOrderServiceImpl - Finding all SingleOrders for order 54
2025-06-18 23:01:50 [http-nio-8080-exec-2] INFO  o.e.p.s.SingleOrderServiceImpl - Finding all SingleOrders for order 54
2025-06-18 23:01:50 [http-nio-8080-exec-6] INFO  o.e.p.s.SingleOrderServiceImpl - Finding all SingleOrders for order 54
2025-06-18 23:01:54 [http-nio-8080-exec-8] INFO  o.e.p.s.SingleOrderServiceImpl - Finding all SingleOrders for order 54
2025-06-18 23:02:40 [http-nio-8080-exec-1] INFO  o.e.p.s.SingleOrderServiceImpl - Finding all SingleOrders for order 54
2025-06-18 23:02:40 [http-nio-8080-exec-3] INFO  o.e.p.s.SingleOrderServiceImpl - Finding all SingleOrders for order 54
2025-06-18 23:02:46 [http-nio-8080-exec-5] INFO  o.e.p.s.SingleOrderServiceImpl - Finding all SingleOrders for order 54
2025-06-18 23:02:48 [http-nio-8080-exec-7] INFO  o.e.p.s.SingleOrderServiceImpl - Adding product 333 to order 54
2025-06-18 23:02:48 [http-nio-8080-exec-7] INFO  o.e.p.s.SingleOrderServiceImpl - Successfully added/updated product in order
2025-06-18 23:02:48 [http-nio-8080-exec-5] INFO  o.e.p.s.SingleOrderServiceImpl - Finding all SingleOrders for order 54
2025-06-18 23:02:49 [http-nio-8080-exec-7] INFO  o.e.p.s.SingleOrderServiceImpl - Finding all SingleOrders for order 54
2025-06-18 23:02:49 [http-nio-8080-exec-8] INFO  o.e.p.s.SingleOrderServiceImpl - Finding all SingleOrders for order 54
2025-06-18 23:03:13 [http-nio-8080-exec-5] INFO  o.e.p.s.SingleOrderServiceImpl - Finding all SingleOrders for order 54
2025-06-18 23:52:15 [http-nio-8080-exec-2] INFO  o.e.p.s.SingleOrderServiceImpl - Finding all SingleOrders for order 54
2025-06-18 23:52:19 [http-nio-8080-exec-4] INFO  o.e.p.s.SingleOrderServiceImpl - Finding all SingleOrders for order 54
2025-06-18 23:52:45 [http-nio-8080-exec-7] INFO  o.e.p.s.SingleOrderServiceImpl - Finding all SingleOrders for order 54
2025-06-18 23:52:45 [http-nio-8080-exec-6] INFO  o.e.p.s.SingleOrderServiceImpl - Finding all SingleOrders for order 54
2025-06-18 23:53:01 [http-nio-8080-exec-8] INFO  o.e.p.s.SingleOrderServiceImpl - Finding all SingleOrders for order 54
2025-06-18 23:53:07 [http-nio-8080-exec-8] INFO  o.e.p.s.SingleOrderServiceImpl - Finding all SingleOrders for order 54
2025-06-18 23:53:07 [http-nio-8080-exec-1] INFO  o.e.p.s.SingleOrderServiceImpl - Finding all SingleOrders for order 54
2025-06-18 23:53:19 [http-nio-8080-exec-6] INFO  o.e.p.s.SingleOrderServiceImpl - Finding all SingleOrders for order 54
2025-06-18 23:53:24 [http-nio-8080-exec-10] INFO  o.e.p.s.SingleOrderServiceImpl - Finding all SingleOrders for order 54
2025-06-18 23:53:24 [http-nio-8080-exec-3] INFO  o.e.p.s.SingleOrderServiceImpl - Finding all SingleOrders for order 54
2025-06-18 23:53:24 [http-nio-8080-exec-7] INFO  o.e.p.s.SingleOrderServiceImpl - Finding all SingleOrders for order 54
2025-06-18 23:53:29 [http-nio-8080-exec-8] INFO  o.e.p.s.SingleOrderServiceImpl - Finding all SingleOrders for order 54
