2025-06-18 18:43:50 [http-nio-8080-exec-6] INFO  o.e.p.services.UserServiceImpl - Attempting to get user from session with email: anonymousUser
2025-06-18 18:43:50 [http-nio-8080-exec-6] ERROR o.e.p.services.UserServiceImpl - User not found for email: anonymousUser
2025-06-18 18:43:50 [http-nio-8080-exec-6] ERROR o.e.p.services.UserServiceImpl - Error getting user from session
org.springframework.security.core.userdetails.UsernameNotFoundException: User not found with email: anonymousUser
	at org.example.plastinka2.services.UserServiceImpl.lambda$getUserFromSession$1(UserServiceImpl.java:71)
	at java.base/java.util.Optional.orElseThrow(Optional.java:403)
	at org.example.plastinka2.services.UserServiceImpl.getUserFromSession(UserServiceImpl.java:69)
	at org.example.plastinka2.controllers.ProductController.getCurrentUser(ProductController.java:91)
	at org.example.plastinka2.controllers.ProductController.showProduct(ProductController.java:47)
	at java.base/jdk.internal.reflect.NativeMethodAccessorImpl.invoke0(Native Method)
	at java.base/jdk.internal.reflect.NativeMethodAccessorImpl.invoke(NativeMethodAccessorImpl.java:77)
	at java.base/jdk.internal.reflect.DelegatingMethodAccessorImpl.invoke(DelegatingMethodAccessorImpl.java:43)
	at java.base/java.lang.reflect.Method.invoke(Method.java:569)
	at org.springframework.web.method.support.InvocableHandlerMethod.doInvoke(InvocableHandlerMethod.java:197)
	at org.springframework.web.method.support.InvocableHandlerMethod.invokeForRequest(InvocableHandlerMethod.java:141)
	at org.springframework.web.servlet.mvc.method.annotation.ServletInvocableHandlerMethod.invokeAndHandle(ServletInvocableHandlerMethod.java:106)
	at org.springframework.web.servlet.mvc.method.annotation.RequestMappingHandlerAdapter.invokeHandlerMethod(RequestMappingHandlerAdapter.java:894)
	at org.springframework.web.servlet.mvc.method.annotation.RequestMappingHandlerAdapter.handleInternal(RequestMappingHandlerAdapter.java:808)
	at org.springframework.web.servlet.mvc.method.AbstractHandlerMethodAdapter.handle(AbstractHandlerMethodAdapter.java:87)
	at org.springframework.web.servlet.DispatcherServlet.doDispatch(DispatcherServlet.java:1060)
	at org.springframework.web.servlet.DispatcherServlet.doService(DispatcherServlet.java:962)
	at org.springframework.web.servlet.FrameworkServlet.processRequest(FrameworkServlet.java:1006)
	at org.springframework.web.servlet.FrameworkServlet.doGet(FrameworkServlet.java:898)
	at javax.servlet.http.HttpServlet.service(HttpServlet.java:626)
	at org.springframework.web.servlet.FrameworkServlet.service(FrameworkServlet.java:883)
	at javax.servlet.http.HttpServlet.service(HttpServlet.java:733)
	at org.apache.catalina.core.ApplicationFilterChain.internalDoFilter(ApplicationFilterChain.java:231)
	at org.apache.catalina.core.ApplicationFilterChain.doFilter(ApplicationFilterChain.java:166)
	at org.apache.tomcat.websocket.server.WsFilter.doFilter(WsFilter.java:53)
	at org.apache.catalina.core.ApplicationFilterChain.internalDoFilter(ApplicationFilterChain.java:193)
	at org.apache.catalina.core.ApplicationFilterChain.doFilter(ApplicationFilterChain.java:166)
	at org.springframework.security.web.FilterChainProxy$VirtualFilterChain.doFilter(FilterChainProxy.java:327)
	at org.springframework.security.web.access.intercept.FilterSecurityInterceptor.invoke(FilterSecurityInterceptor.java:115)
	at org.springframework.security.web.access.intercept.FilterSecurityInterceptor.doFilter(FilterSecurityInterceptor.java:81)
	at org.springframework.security.web.FilterChainProxy$VirtualFilterChain.doFilter(FilterChainProxy.java:336)
	at org.springframework.security.web.access.ExceptionTranslationFilter.doFilter(ExceptionTranslationFilter.java:119)
	at org.springframework.security.web.access.ExceptionTranslationFilter.doFilter(ExceptionTranslationFilter.java:113)
	at org.springframework.security.web.FilterChainProxy$VirtualFilterChain.doFilter(FilterChainProxy.java:336)
	at org.springframework.security.web.session.SessionManagementFilter.doFilter(SessionManagementFilter.java:126)
	at org.springframework.security.web.session.SessionManagementFilter.doFilter(SessionManagementFilter.java:81)
	at org.springframework.security.web.FilterChainProxy$VirtualFilterChain.doFilter(FilterChainProxy.java:336)
	at org.springframework.security.web.authentication.AnonymousAuthenticationFilter.doFilter(AnonymousAuthenticationFilter.java:105)
	at org.springframework.security.web.FilterChainProxy$VirtualFilterChain.doFilter(FilterChainProxy.java:336)
	at org.springframework.security.web.servletapi.SecurityContextHolderAwareRequestFilter.doFilter(SecurityContextHolderAwareRequestFilter.java:149)
	at org.springframework.security.web.FilterChainProxy$VirtualFilterChain.doFilter(FilterChainProxy.java:336)
	at org.springframework.security.web.savedrequest.RequestCacheAwareFilter.doFilter(RequestCacheAwareFilter.java:63)
	at org.springframework.security.web.FilterChainProxy$VirtualFilterChain.doFilter(FilterChainProxy.java:336)
	at org.springframework.security.web.authentication.AbstractAuthenticationProcessingFilter.doFilter(AbstractAuthenticationProcessingFilter.java:218)
	at org.springframework.security.web.authentication.AbstractAuthenticationProcessingFilter.doFilter(AbstractAuthenticationProcessingFilter.java:212)
	at org.springframework.security.web.FilterChainProxy$VirtualFilterChain.doFilter(FilterChainProxy.java:336)
	at org.springframework.security.web.authentication.logout.LogoutFilter.doFilter(LogoutFilter.java:103)
	at org.springframework.security.web.authentication.logout.LogoutFilter.doFilter(LogoutFilter.java:89)
	at org.springframework.security.web.FilterChainProxy$VirtualFilterChain.doFilter(FilterChainProxy.java:336)
	at org.springframework.security.web.header.HeaderWriterFilter.doHeadersAfter(HeaderWriterFilter.java:90)
	at org.springframework.security.web.header.HeaderWriterFilter.doFilterInternal(HeaderWriterFilter.java:75)
	at org.springframework.web.filter.OncePerRequestFilter.doFilter(OncePerRequestFilter.java:119)
	at org.springframework.security.web.FilterChainProxy$VirtualFilterChain.doFilter(FilterChainProxy.java:336)
	at org.springframework.security.web.context.SecurityContextPersistenceFilter.doFilter(SecurityContextPersistenceFilter.java:110)
	at org.springframework.security.web.context.SecurityContextPersistenceFilter.doFilter(SecurityContextPersistenceFilter.java:80)
	at org.springframework.security.web.FilterChainProxy$VirtualFilterChain.doFilter(FilterChainProxy.java:336)
	at org.springframework.security.web.context.request.async.WebAsyncManagerIntegrationFilter.doFilterInternal(WebAsyncManagerIntegrationFilter.java:55)
	at org.springframework.web.filter.OncePerRequestFilter.doFilter(OncePerRequestFilter.java:119)
	at org.springframework.security.web.FilterChainProxy$VirtualFilterChain.doFilter(FilterChainProxy.java:336)
	at org.springframework.security.web.FilterChainProxy.doFilterInternal(FilterChainProxy.java:211)
	at org.springframework.security.web.FilterChainProxy.doFilter(FilterChainProxy.java:183)
	at org.springframework.web.filter.DelegatingFilterProxy.invokeDelegate(DelegatingFilterProxy.java:358)
	at org.springframework.web.filter.DelegatingFilterProxy.doFilter(DelegatingFilterProxy.java:271)
	at org.apache.catalina.core.ApplicationFilterChain.internalDoFilter(ApplicationFilterChain.java:193)
	at org.apache.catalina.core.ApplicationFilterChain.doFilter(ApplicationFilterChain.java:166)
	at org.springframework.web.filter.RequestContextFilter.doFilterInternal(RequestContextFilter.java:100)
	at org.springframework.web.filter.OncePerRequestFilter.doFilter(OncePerRequestFilter.java:119)
	at org.apache.catalina.core.ApplicationFilterChain.internalDoFilter(ApplicationFilterChain.java:193)
	at org.apache.catalina.core.ApplicationFilterChain.doFilter(ApplicationFilterChain.java:166)
	at org.springframework.web.filter.FormContentFilter.doFilterInternal(FormContentFilter.java:93)
	at org.springframework.web.filter.OncePerRequestFilter.doFilter(OncePerRequestFilter.java:119)
	at org.apache.catalina.core.ApplicationFilterChain.internalDoFilter(ApplicationFilterChain.java:193)
	at org.apache.catalina.core.ApplicationFilterChain.doFilter(ApplicationFilterChain.java:166)
	at org.springframework.web.filter.CharacterEncodingFilter.doFilterInternal(CharacterEncodingFilter.java:201)
	at org.springframework.web.filter.OncePerRequestFilter.doFilter(OncePerRequestFilter.java:119)
	at org.apache.catalina.core.ApplicationFilterChain.internalDoFilter(ApplicationFilterChain.java:193)
	at org.apache.catalina.core.ApplicationFilterChain.doFilter(ApplicationFilterChain.java:166)
	at org.apache.catalina.core.StandardWrapperValve.invoke(StandardWrapperValve.java:202)
	at org.apache.catalina.core.StandardContextValve.invoke(StandardContextValve.java:97)
	at org.apache.catalina.authenticator.AuthenticatorBase.invoke(AuthenticatorBase.java:542)
	at org.apache.catalina.core.StandardHostValve.invoke(StandardHostValve.java:143)
	at org.apache.catalina.valves.ErrorReportValve.invoke(ErrorReportValve.java:92)
	at org.apache.catalina.core.StandardEngineValve.invoke(StandardEngineValve.java:78)
	at org.apache.catalina.connector.CoyoteAdapter.service(CoyoteAdapter.java:343)
	at org.apache.coyote.http11.Http11Processor.service(Http11Processor.java:374)
	at org.apache.coyote.AbstractProcessorLight.process(AbstractProcessorLight.java:65)
	at org.apache.coyote.AbstractProtocol$ConnectionHandler.process(AbstractProtocol.java:888)
	at org.apache.tomcat.util.net.NioEndpoint$SocketProcessor.doRun(NioEndpoint.java:1597)
	at org.apache.tomcat.util.net.SocketProcessorBase.run(SocketProcessorBase.java:49)
	at java.base/java.util.concurrent.ThreadPoolExecutor.runWorker(ThreadPoolExecutor.java:1136)
	at java.base/java.util.concurrent.ThreadPoolExecutor$Worker.run(ThreadPoolExecutor.java:635)
	at org.apache.tomcat.util.threads.TaskThread$WrappingRunnable.run(TaskThread.java:61)
	at java.base/java.lang.Thread.run(Thread.java:840)
2025-06-18 18:44:07 [http-nio-8080-exec-4] INFO  o.e.p.services.UserServiceImpl - Attempting to get user from session with email: anonymousUser
2025-06-18 18:44:07 [http-nio-8080-exec-4] ERROR o.e.p.services.UserServiceImpl - User not found for email: anonymousUser
2025-06-18 18:44:07 [http-nio-8080-exec-4] ERROR o.e.p.services.UserServiceImpl - Error getting user from session
org.springframework.security.core.userdetails.UsernameNotFoundException: User not found with email: anonymousUser
	at org.example.plastinka2.services.UserServiceImpl.lambda$getUserFromSession$1(UserServiceImpl.java:71)
	at java.base/java.util.Optional.orElseThrow(Optional.java:403)
	at org.example.plastinka2.services.UserServiceImpl.getUserFromSession(UserServiceImpl.java:69)
	at org.example.plastinka2.controllers.ProductController.getCurrentUser(ProductController.java:91)
	at org.example.plastinka2.controllers.ProductController.showProduct(ProductController.java:47)
	at java.base/jdk.internal.reflect.NativeMethodAccessorImpl.invoke0(Native Method)
	at java.base/jdk.internal.reflect.NativeMethodAccessorImpl.invoke(NativeMethodAccessorImpl.java:77)
	at java.base/jdk.internal.reflect.DelegatingMethodAccessorImpl.invoke(DelegatingMethodAccessorImpl.java:43)
	at java.base/java.lang.reflect.Method.invoke(Method.java:569)
	at org.springframework.web.method.support.InvocableHandlerMethod.doInvoke(InvocableHandlerMethod.java:197)
	at org.springframework.web.method.support.InvocableHandlerMethod.invokeForRequest(InvocableHandlerMethod.java:141)
	at org.springframework.web.servlet.mvc.method.annotation.ServletInvocableHandlerMethod.invokeAndHandle(ServletInvocableHandlerMethod.java:106)
	at org.springframework.web.servlet.mvc.method.annotation.RequestMappingHandlerAdapter.invokeHandlerMethod(RequestMappingHandlerAdapter.java:894)
	at org.springframework.web.servlet.mvc.method.annotation.RequestMappingHandlerAdapter.handleInternal(RequestMappingHandlerAdapter.java:808)
	at org.springframework.web.servlet.mvc.method.AbstractHandlerMethodAdapter.handle(AbstractHandlerMethodAdapter.java:87)
	at org.springframework.web.servlet.DispatcherServlet.doDispatch(DispatcherServlet.java:1060)
	at org.springframework.web.servlet.DispatcherServlet.doService(DispatcherServlet.java:962)
	at org.springframework.web.servlet.FrameworkServlet.processRequest(FrameworkServlet.java:1006)
	at org.springframework.web.servlet.FrameworkServlet.doGet(FrameworkServlet.java:898)
	at javax.servlet.http.HttpServlet.service(HttpServlet.java:626)
	at org.springframework.web.servlet.FrameworkServlet.service(FrameworkServlet.java:883)
	at javax.servlet.http.HttpServlet.service(HttpServlet.java:733)
	at org.apache.catalina.core.ApplicationFilterChain.internalDoFilter(ApplicationFilterChain.java:231)
	at org.apache.catalina.core.ApplicationFilterChain.doFilter(ApplicationFilterChain.java:166)
	at org.apache.tomcat.websocket.server.WsFilter.doFilter(WsFilter.java:53)
	at org.apache.catalina.core.ApplicationFilterChain.internalDoFilter(ApplicationFilterChain.java:193)
	at org.apache.catalina.core.ApplicationFilterChain.doFilter(ApplicationFilterChain.java:166)
	at org.springframework.security.web.FilterChainProxy$VirtualFilterChain.doFilter(FilterChainProxy.java:327)
	at org.springframework.security.web.access.intercept.FilterSecurityInterceptor.invoke(FilterSecurityInterceptor.java:115)
	at org.springframework.security.web.access.intercept.FilterSecurityInterceptor.doFilter(FilterSecurityInterceptor.java:81)
	at org.springframework.security.web.FilterChainProxy$VirtualFilterChain.doFilter(FilterChainProxy.java:336)
	at org.springframework.security.web.access.ExceptionTranslationFilter.doFilter(ExceptionTranslationFilter.java:119)
	at org.springframework.security.web.access.ExceptionTranslationFilter.doFilter(ExceptionTranslationFilter.java:113)
	at org.springframework.security.web.FilterChainProxy$VirtualFilterChain.doFilter(FilterChainProxy.java:336)
	at org.springframework.security.web.session.SessionManagementFilter.doFilter(SessionManagementFilter.java:126)
	at org.springframework.security.web.session.SessionManagementFilter.doFilter(SessionManagementFilter.java:81)
	at org.springframework.security.web.FilterChainProxy$VirtualFilterChain.doFilter(FilterChainProxy.java:336)
	at org.springframework.security.web.authentication.AnonymousAuthenticationFilter.doFilter(AnonymousAuthenticationFilter.java:105)
	at org.springframework.security.web.FilterChainProxy$VirtualFilterChain.doFilter(FilterChainProxy.java:336)
	at org.springframework.security.web.servletapi.SecurityContextHolderAwareRequestFilter.doFilter(SecurityContextHolderAwareRequestFilter.java:149)
	at org.springframework.security.web.FilterChainProxy$VirtualFilterChain.doFilter(FilterChainProxy.java:336)
	at org.springframework.security.web.savedrequest.RequestCacheAwareFilter.doFilter(RequestCacheAwareFilter.java:63)
	at org.springframework.security.web.FilterChainProxy$VirtualFilterChain.doFilter(FilterChainProxy.java:336)
	at org.springframework.security.web.authentication.AbstractAuthenticationProcessingFilter.doFilter(AbstractAuthenticationProcessingFilter.java:218)
	at org.springframework.security.web.authentication.AbstractAuthenticationProcessingFilter.doFilter(AbstractAuthenticationProcessingFilter.java:212)
	at org.springframework.security.web.FilterChainProxy$VirtualFilterChain.doFilter(FilterChainProxy.java:336)
	at org.springframework.security.web.authentication.logout.LogoutFilter.doFilter(LogoutFilter.java:103)
	at org.springframework.security.web.authentication.logout.LogoutFilter.doFilter(LogoutFilter.java:89)
	at org.springframework.security.web.FilterChainProxy$VirtualFilterChain.doFilter(FilterChainProxy.java:336)
	at org.springframework.security.web.header.HeaderWriterFilter.doHeadersAfter(HeaderWriterFilter.java:90)
	at org.springframework.security.web.header.HeaderWriterFilter.doFilterInternal(HeaderWriterFilter.java:75)
	at org.springframework.web.filter.OncePerRequestFilter.doFilter(OncePerRequestFilter.java:119)
	at org.springframework.security.web.FilterChainProxy$VirtualFilterChain.doFilter(FilterChainProxy.java:336)
	at org.springframework.security.web.context.SecurityContextPersistenceFilter.doFilter(SecurityContextPersistenceFilter.java:110)
	at org.springframework.security.web.context.SecurityContextPersistenceFilter.doFilter(SecurityContextPersistenceFilter.java:80)
	at org.springframework.security.web.FilterChainProxy$VirtualFilterChain.doFilter(FilterChainProxy.java:336)
	at org.springframework.security.web.context.request.async.WebAsyncManagerIntegrationFilter.doFilterInternal(WebAsyncManagerIntegrationFilter.java:55)
	at org.springframework.web.filter.OncePerRequestFilter.doFilter(OncePerRequestFilter.java:119)
	at org.springframework.security.web.FilterChainProxy$VirtualFilterChain.doFilter(FilterChainProxy.java:336)
	at org.springframework.security.web.FilterChainProxy.doFilterInternal(FilterChainProxy.java:211)
	at org.springframework.security.web.FilterChainProxy.doFilter(FilterChainProxy.java:183)
	at org.springframework.web.filter.DelegatingFilterProxy.invokeDelegate(DelegatingFilterProxy.java:358)
	at org.springframework.web.filter.DelegatingFilterProxy.doFilter(DelegatingFilterProxy.java:271)
	at org.apache.catalina.core.ApplicationFilterChain.internalDoFilter(ApplicationFilterChain.java:193)
	at org.apache.catalina.core.ApplicationFilterChain.doFilter(ApplicationFilterChain.java:166)
	at org.springframework.web.filter.RequestContextFilter.doFilterInternal(RequestContextFilter.java:100)
	at org.springframework.web.filter.OncePerRequestFilter.doFilter(OncePerRequestFilter.java:119)
	at org.apache.catalina.core.ApplicationFilterChain.internalDoFilter(ApplicationFilterChain.java:193)
	at org.apache.catalina.core.ApplicationFilterChain.doFilter(ApplicationFilterChain.java:166)
	at org.springframework.web.filter.FormContentFilter.doFilterInternal(FormContentFilter.java:93)
	at org.springframework.web.filter.OncePerRequestFilter.doFilter(OncePerRequestFilter.java:119)
	at org.apache.catalina.core.ApplicationFilterChain.internalDoFilter(ApplicationFilterChain.java:193)
	at org.apache.catalina.core.ApplicationFilterChain.doFilter(ApplicationFilterChain.java:166)
	at org.springframework.web.filter.CharacterEncodingFilter.doFilterInternal(CharacterEncodingFilter.java:201)
	at org.springframework.web.filter.OncePerRequestFilter.doFilter(OncePerRequestFilter.java:119)
	at org.apache.catalina.core.ApplicationFilterChain.internalDoFilter(ApplicationFilterChain.java:193)
	at org.apache.catalina.core.ApplicationFilterChain.doFilter(ApplicationFilterChain.java:166)
	at org.apache.catalina.core.StandardWrapperValve.invoke(StandardWrapperValve.java:202)
	at org.apache.catalina.core.StandardContextValve.invoke(StandardContextValve.java:97)
	at org.apache.catalina.authenticator.AuthenticatorBase.invoke(AuthenticatorBase.java:542)
	at org.apache.catalina.core.StandardHostValve.invoke(StandardHostValve.java:143)
	at org.apache.catalina.valves.ErrorReportValve.invoke(ErrorReportValve.java:92)
	at org.apache.catalina.core.StandardEngineValve.invoke(StandardEngineValve.java:78)
	at org.apache.catalina.connector.CoyoteAdapter.service(CoyoteAdapter.java:343)
	at org.apache.coyote.http11.Http11Processor.service(Http11Processor.java:374)
	at org.apache.coyote.AbstractProcessorLight.process(AbstractProcessorLight.java:65)
	at org.apache.coyote.AbstractProtocol$ConnectionHandler.process(AbstractProtocol.java:888)
	at org.apache.tomcat.util.net.NioEndpoint$SocketProcessor.doRun(NioEndpoint.java:1597)
	at org.apache.tomcat.util.net.SocketProcessorBase.run(SocketProcessorBase.java:49)
	at java.base/java.util.concurrent.ThreadPoolExecutor.runWorker(ThreadPoolExecutor.java:1136)
	at java.base/java.util.concurrent.ThreadPoolExecutor$Worker.run(ThreadPoolExecutor.java:635)
	at org.apache.tomcat.util.threads.TaskThread$WrappingRunnable.run(TaskThread.java:61)
	at java.base/java.lang.Thread.run(Thread.java:840)
2025-06-18 18:44:48 [http-nio-8080-exec-3] INFO  o.e.p.services.UserServiceImpl - Searching for user by email: yahudinaemilia@gmail.com
2025-06-18 18:44:49 [http-nio-8080-exec-10] INFO  o.e.p.services.UserServiceImpl - Attempting to get user from session with email: yahudinaemilia@gmail.com
2025-06-18 18:44:51 [http-nio-8080-exec-8] INFO  o.e.p.services.UserServiceImpl - Attempting to get user from session with email: yahudinaemilia@gmail.com
2025-06-18 18:44:51 [http-nio-8080-exec-10] INFO  o.e.p.services.UserServiceImpl - Attempting to get user from session with email: yahudinaemilia@gmail.com
2025-06-18 18:44:51 [http-nio-8080-exec-8] INFO  o.e.p.services.UserServiceImpl - Attempting to get user from session with email: yahudinaemilia@gmail.com
2025-06-18 18:44:55 [http-nio-8080-exec-4] INFO  o.e.p.services.UserServiceImpl - Attempting to get user from session with email: yahudinaemilia@gmail.com
2025-06-18 18:44:55 [http-nio-8080-exec-2] INFO  o.e.p.services.UserServiceImpl - Attempting to get user from session with email: yahudinaemilia@gmail.com
2025-06-18 18:44:57 [http-nio-8080-exec-7] INFO  o.e.p.services.UserServiceImpl - Searching for user by email: yahudinaemilia@gmail.com
2025-06-18 18:44:57 [http-nio-8080-exec-9] INFO  o.e.p.services.UserServiceImpl - Attempting to get user from session with email: yahudinaemilia@gmail.com
2025-06-18 18:45:04 [http-nio-8080-exec-10] INFO  o.e.p.services.UserServiceImpl - Attempting to get user from session with email: yahudinaemilia@gmail.com
2025-06-18 18:45:04 [http-nio-8080-exec-8] INFO  o.e.p.services.UserServiceImpl - Attempting to get user from session with email: yahudinaemilia@gmail.com
2025-06-18 18:45:04 [http-nio-8080-exec-10] INFO  o.e.p.services.UserServiceImpl - Attempting to get user from session with email: yahudinaemilia@gmail.com
2025-06-18 18:45:07 [http-nio-8080-exec-4] INFO  o.e.p.services.UserServiceImpl - Attempting to get user from session with email: yahudinaemilia@gmail.com
2025-06-18 18:45:10 [http-nio-8080-exec-1] INFO  o.e.p.services.UserServiceImpl - Attempting to get user from session with email: yahudinaemilia@gmail.com
2025-06-18 18:45:28 [http-nio-8080-exec-5] INFO  o.e.p.services.UserServiceImpl - Attempting to get user from session with email: yahudinaemilia@gmail.com
2025-06-18 18:45:28 [http-nio-8080-exec-3] INFO  o.e.p.services.UserServiceImpl - Attempting to get user from session with email: yahudinaemilia@gmail.com
2025-06-18 18:45:30 [http-nio-8080-exec-7] INFO  o.e.p.services.UserServiceImpl - Searching for user by email: yahudinaemilia@gmail.com
2025-06-18 18:46:07 [http-nio-8080-exec-1] INFO  o.e.p.services.UserServiceImpl - Searching for user by email: yahudinaemilia@gmail.com
2025-06-18 18:46:08 [http-nio-8080-exec-5] INFO  o.e.p.services.UserServiceImpl - Searching for user by email: yahudinaemilia@gmail.com
2025-06-18 18:46:12 [http-nio-8080-exec-2] INFO  o.e.p.services.UserServiceImpl - Searching for user by email: yahudinaemilia@gmail.com
2025-06-18 18:46:19 [http-nio-8080-exec-6] INFO  o.e.p.services.UserServiceImpl - Searching for user by email: yahudinaemilia@gmail.com
2025-06-18 18:46:20 [http-nio-8080-exec-4] INFO  o.e.p.services.UserServiceImpl - Searching for user by email: yahudinaemilia@gmail.com
2025-06-18 18:46:22 [http-nio-8080-exec-7] INFO  o.e.p.services.UserServiceImpl - Searching for user by email: yahudinaemilia@gmail.com
2025-06-18 18:46:22 [http-nio-8080-exec-8] INFO  o.e.p.services.UserServiceImpl - Attempting to get user from session with email: yahudinaemilia@gmail.com
2025-06-18 18:46:23 [http-nio-8080-exec-3] INFO  o.e.p.services.UserServiceImpl - Attempting to get user from session with email: yahudinaemilia@gmail.com
2025-06-18 18:46:24 [http-nio-8080-exec-8] INFO  o.e.p.services.UserServiceImpl - Attempting to get user from session with email: yahudinaemilia@gmail.com
2025-06-18 18:46:24 [http-nio-8080-exec-3] INFO  o.e.p.services.UserServiceImpl - Attempting to get user from session with email: yahudinaemilia@gmail.com
2025-06-18 18:46:25 [http-nio-8080-exec-4] INFO  o.e.p.services.UserServiceImpl - Attempting to get user from session with email: yahudinaemilia@gmail.com
2025-06-18 18:46:25 [http-nio-8080-exec-10] INFO  o.e.p.services.UserServiceImpl - Attempting to get user from session with email: yahudinaemilia@gmail.com
2025-06-18 18:46:28 [http-nio-8080-exec-1] INFO  o.e.p.services.UserServiceImpl - Attempting to get user from session with email: yahudinaemilia@gmail.com
2025-06-18 18:46:28 [http-nio-8080-exec-3] INFO  o.e.p.services.UserServiceImpl - Attempting to get user from session with email: yahudinaemilia@gmail.com
2025-06-18 18:46:28 [http-nio-8080-exec-10] INFO  o.e.p.services.UserServiceImpl - Attempting to get user from session with email: yahudinaemilia@gmail.com
2025-06-18 18:46:30 [http-nio-8080-exec-7] INFO  o.e.p.services.UserServiceImpl - Attempting to get user from session with email: yahudinaemilia@gmail.com
2025-06-18 18:46:52 [http-nio-8080-exec-5] INFO  o.e.p.services.UserServiceImpl - Searching for user by email: yahudinaemilia@gmail.com
2025-06-18 18:47:14 [http-nio-8080-exec-6] INFO  o.e.p.services.UserServiceImpl - Searching for user by email: yahudinaemilia@gmail.com
2025-06-18 18:47:32 [http-nio-8080-exec-10] INFO  o.e.p.services.UserServiceImpl - Searching for user by email: yahudinaemilia@gmail.com
2025-06-18 18:47:34 [http-nio-8080-exec-7] INFO  o.e.p.services.UserServiceImpl - Searching for user by email: yahudinaemilia@gmail.com
2025-06-18 18:47:35 [http-nio-8080-exec-2] INFO  o.e.p.services.UserServiceImpl - Attempting to get user from session with email: yahudinaemilia@gmail.com
2025-06-18 18:47:45 [http-nio-8080-exec-1] INFO  o.e.p.services.UserServiceImpl - Attempting to get user from session with email: yahudinaemilia@gmail.com
2025-06-18 18:47:45 [http-nio-8080-exec-10] INFO  o.e.p.services.UserServiceImpl - Attempting to get user from session with email: yahudinaemilia@gmail.com
2025-06-18 18:47:45 [http-nio-8080-exec-1] INFO  o.e.p.services.UserServiceImpl - Attempting to get user from session with email: yahudinaemilia@gmail.com
2025-06-18 18:48:24 [http-nio-8080-exec-5] INFO  o.e.p.services.UserServiceImpl - Searching for user by email: yahudinaemilia@gmail.com
2025-06-18 18:48:25 [http-nio-8080-exec-3] INFO  o.e.p.services.UserServiceImpl - Attempting to get user from session with email: yahudinaemilia@gmail.com
2025-06-18 18:48:55 [http-nio-8080-exec-9] INFO  o.e.p.services.UserServiceImpl - Searching for user by email: yahudinaemilia@gmail.com
2025-06-18 18:48:57 [http-nio-8080-exec-1] INFO  o.e.p.services.UserServiceImpl - Searching for user by email: yahudinaemilia@gmail.com
2025-06-18 18:48:57 [http-nio-8080-exec-10] INFO  o.e.p.services.UserServiceImpl - Attempting to get user from session with email: yahudinaemilia@gmail.com
2025-06-18 18:48:59 [http-nio-8080-exec-6] INFO  o.e.p.services.UserServiceImpl - Attempting to get user from session with email: yahudinaemilia@gmail.com
2025-06-18 18:48:59 [http-nio-8080-exec-10] INFO  o.e.p.services.UserServiceImpl - Attempting to get user from session with email: yahudinaemilia@gmail.com
2025-06-18 18:48:59 [http-nio-8080-exec-5] INFO  o.e.p.services.UserServiceImpl - Attempting to get user from session with email: yahudinaemilia@gmail.com
2025-06-18 18:57:04 [http-nio-8080-exec-7] INFO  o.e.p.services.UserServiceImpl - Searching for user by email: yahudinaemilia@gmail.com
2025-06-18 19:17:17 [http-nio-8080-exec-9] INFO  o.e.p.services.UserServiceImpl - Searching for user by email: yahudinaemilia@gmail.com
2025-06-18 19:17:18 [http-nio-8080-exec-7] INFO  o.e.p.services.UserServiceImpl - Attempting to get user from session with email: yahudinaemilia@gmail.com
2025-06-18 19:17:34 [http-nio-8080-exec-6] INFO  o.e.p.services.UserServiceImpl - Searching for user by email: yahudinaemilia@gmail.com
2025-06-18 19:17:34 [http-nio-8080-exec-3] INFO  o.e.p.services.UserServiceImpl - Attempting to get user from session with email: yahudinaemilia@gmail.com
2025-06-18 19:17:37 [http-nio-8080-exec-2] INFO  o.e.p.services.UserServiceImpl - Searching for user by email: yahudinaemilia@gmail.com
2025-06-18 19:17:38 [http-nio-8080-exec-7] INFO  o.e.p.services.UserServiceImpl - Attempting to get user from session with email: yahudinaemilia@gmail.com
2025-06-18 19:17:40 [http-nio-8080-exec-8] INFO  o.e.p.services.UserServiceImpl - Searching for user by email: yahudinaemilia@gmail.com
2025-06-18 19:17:41 [http-nio-8080-exec-3] INFO  o.e.p.services.UserServiceImpl - Attempting to get user from session with email: yahudinaemilia@gmail.com
2025-06-18 19:17:44 [http-nio-8080-exec-7] INFO  o.e.p.services.UserServiceImpl - Attempting to get user from session with email: yahudinaemilia@gmail.com
2025-06-18 19:17:44 [http-nio-8080-exec-6] INFO  o.e.p.services.UserServiceImpl - Attempting to get user from session with email: yahudinaemilia@gmail.com
2025-06-18 19:17:44 [http-nio-8080-exec-1] INFO  o.e.p.services.UserServiceImpl - Attempting to get user from session with email: yahudinaemilia@gmail.com
2025-06-18 19:17:50 [http-nio-8080-exec-3] INFO  o.e.p.services.UserServiceImpl - Searching for user by email: yahudinaemilia@gmail.com
2025-06-18 19:17:50 [http-nio-8080-exec-6] INFO  o.e.p.services.UserServiceImpl - Attempting to get user from session with email: yahudinaemilia@gmail.com
2025-06-18 19:17:51 [http-nio-8080-exec-9] INFO  o.e.p.services.UserServiceImpl - Attempting to get user from session with email: yahudinaemilia@gmail.com
2025-06-18 19:17:51 [http-nio-8080-exec-8] INFO  o.e.p.services.UserServiceImpl - Attempting to get user from session with email: yahudinaemilia@gmail.com
2025-06-18 19:17:52 [http-nio-8080-exec-9] INFO  o.e.p.services.UserServiceImpl - Attempting to get user from session with email: yahudinaemilia@gmail.com
2025-06-18 19:17:52 [http-nio-8080-exec-1] INFO  o.e.p.services.UserServiceImpl - Attempting to get user from session with email: yahudinaemilia@gmail.com
2025-06-18 19:17:55 [http-nio-8080-exec-6] INFO  o.e.p.services.UserServiceImpl - Attempting to get user from session with email: yahudinaemilia@gmail.com
2025-06-18 19:18:04 [http-nio-8080-exec-3] INFO  o.e.p.services.UserServiceImpl - Searching for user by email: yahudinaemilia@gmail.com
2025-06-18 19:18:04 [http-nio-8080-exec-3] INFO  o.e.p.services.UserServiceImpl - Attempting to get user from session with email: yahudinaemilia@gmail.com
2025-06-18 21:31:19 [http-nio-8080-exec-4] INFO  o.e.p.services.UserServiceImpl - Searching for user by email: yahudinaemilia@gmail.com
2025-06-18 21:31:20 [http-nio-8080-exec-1] INFO  o.e.p.services.UserServiceImpl - Attempting to get user from session with email: yahudinaemilia@gmail.com
2025-06-18 21:31:21 [http-nio-8080-exec-10] INFO  o.e.p.services.UserServiceImpl - Attempting to get user from session with email: yahudinaemilia@gmail.com
2025-06-18 21:31:21 [http-nio-8080-exec-1] INFO  o.e.p.services.UserServiceImpl - Attempting to get user from session with email: yahudinaemilia@gmail.com
2025-06-18 21:31:21 [http-nio-8080-exec-10] INFO  o.e.p.services.UserServiceImpl - Attempting to get user from session with email: yahudinaemilia@gmail.com
2025-06-18 21:31:22 [http-nio-8080-exec-2] INFO  o.e.p.services.UserServiceImpl - Attempting to get user from session with email: yahudinaemilia@gmail.com
2025-06-18 21:31:23 [http-nio-8080-exec-9] INFO  o.e.p.services.UserServiceImpl - Attempting to get user from session with email: yahudinaemilia@gmail.com
2025-06-18 21:31:23 [http-nio-8080-exec-4] INFO  o.e.p.services.UserServiceImpl - Attempting to get user from session with email: yahudinaemilia@gmail.com
2025-06-18 21:31:23 [http-nio-8080-exec-1] INFO  o.e.p.services.UserServiceImpl - Attempting to get user from session with email: yahudinaemilia@gmail.com
2025-06-18 21:31:23 [http-nio-8080-exec-10] INFO  o.e.p.services.UserServiceImpl - Attempting to get user from session with email: yahudinaemilia@gmail.com
2025-06-18 21:31:23 [http-nio-8080-exec-2] INFO  o.e.p.services.UserServiceImpl - Attempting to get user from session with email: yahudinaemilia@gmail.com
2025-06-18 21:31:26 [http-nio-8080-exec-5] INFO  o.e.p.services.UserServiceImpl - Attempting to get user from session with email: yahudinaemilia@gmail.com
2025-06-18 21:31:26 [http-nio-8080-exec-8] INFO  o.e.p.services.UserServiceImpl - Attempting to get user from session with email: yahudinaemilia@gmail.com
2025-06-18 21:31:26 [http-nio-8080-exec-5] INFO  o.e.p.services.UserServiceImpl - Attempting to get user from session with email: yahudinaemilia@gmail.com
2025-06-18 21:31:28 [http-nio-8080-exec-6] INFO  o.e.p.services.UserServiceImpl - Attempting to get user from session with email: yahudinaemilia@gmail.com
2025-06-18 21:31:28 [http-nio-8080-exec-9] INFO  o.e.p.services.UserServiceImpl - Attempting to get user from session with email: yahudinaemilia@gmail.com
2025-06-18 21:31:29 [http-nio-8080-exec-7] INFO  o.e.p.services.UserServiceImpl - Attempting to get user from session with email: yahudinaemilia@gmail.com
2025-06-18 21:31:29 [http-nio-8080-exec-4] INFO  o.e.p.services.UserServiceImpl - Attempting to get user from session with email: yahudinaemilia@gmail.com
2025-06-18 21:31:29 [http-nio-8080-exec-6] INFO  o.e.p.services.UserServiceImpl - Attempting to get user from session with email: yahudinaemilia@gmail.com
2025-06-18 21:31:30 [http-nio-8080-exec-9] INFO  o.e.p.services.UserServiceImpl - Searching for user by email: yahudinaemilia@gmail.com
2025-06-18 21:31:31 [http-nio-8080-exec-1] INFO  o.e.p.services.UserServiceImpl - Attempting to get user from session with email: yahudinaemilia@gmail.com
2025-06-18 21:31:33 [http-nio-8080-exec-10] INFO  o.e.p.services.UserServiceImpl - Attempting to get user from session with email: yahudinaemilia@gmail.com
2025-06-18 21:31:33 [http-nio-8080-exec-4] INFO  o.e.p.services.UserServiceImpl - Attempting to get user from session with email: yahudinaemilia@gmail.com
2025-06-18 21:31:33 [http-nio-8080-exec-10] INFO  o.e.p.services.UserServiceImpl - Attempting to get user from session with email: yahudinaemilia@gmail.com
2025-06-18 21:31:34 [http-nio-8080-exec-1] INFO  o.e.p.services.UserServiceImpl - Attempting to get user from session with email: yahudinaemilia@gmail.com
2025-06-18 21:31:41 [http-nio-8080-exec-9] INFO  o.e.p.services.UserServiceImpl - Attempting to get user from session with email: yahudinaemilia@gmail.com
2025-06-18 21:31:43 [http-nio-8080-exec-5] INFO  o.e.p.services.UserServiceImpl - Attempting to get user from session with email: yahudinaemilia@gmail.com
2025-06-18 21:31:43 [http-nio-8080-exec-7] INFO  o.e.p.services.UserServiceImpl - Attempting to get user from session with email: yahudinaemilia@gmail.com
2025-06-18 21:31:43 [http-nio-8080-exec-5] INFO  o.e.p.services.UserServiceImpl - Attempting to get user from session with email: yahudinaemilia@gmail.com
2025-06-18 21:31:43 [http-nio-8080-exec-7] INFO  o.e.p.services.UserServiceImpl - Attempting to get user from session with email: yahudinaemilia@gmail.com
2025-06-18 21:31:45 [http-nio-8080-exec-4] INFO  o.e.p.services.UserServiceImpl - Attempting to get user from session with email: yahudinaemilia@gmail.com
2025-06-18 21:31:45 [http-nio-8080-exec-10] INFO  o.e.p.services.UserServiceImpl - Attempting to get user from session with email: yahudinaemilia@gmail.com
2025-06-18 21:31:45 [http-nio-8080-exec-6] INFO  o.e.p.services.UserServiceImpl - Attempting to get user from session with email: yahudinaemilia@gmail.com
2025-06-18 21:31:46 [http-nio-8080-exec-8] INFO  o.e.p.services.UserServiceImpl - Attempting to get user from session with email: yahudinaemilia@gmail.com
2025-06-18 21:31:46 [http-nio-8080-exec-2] INFO  o.e.p.services.UserServiceImpl - Attempting to get user from session with email: yahudinaemilia@gmail.com
2025-06-18 21:31:46 [http-nio-8080-exec-10] INFO  o.e.p.services.UserServiceImpl - Attempting to get user from session with email: yahudinaemilia@gmail.com
2025-06-18 21:31:47 [http-nio-8080-exec-6] INFO  o.e.p.services.UserServiceImpl - Searching for user by email: yahudinaemilia@gmail.com
2025-06-18 21:31:47 [http-nio-8080-exec-6] INFO  o.e.p.services.UserServiceImpl - Attempting to get user from session with email: yahudinaemilia@gmail.com
2025-06-18 21:31:48 [http-nio-8080-exec-10] INFO  o.e.p.services.UserServiceImpl - Attempting to get user from session with email: yahudinaemilia@gmail.com
2025-06-18 21:31:48 [http-nio-8080-exec-5] INFO  o.e.p.services.UserServiceImpl - Attempting to get user from session with email: yahudinaemilia@gmail.com
2025-06-18 21:31:48 [http-nio-8080-exec-10] INFO  o.e.p.services.UserServiceImpl - Attempting to get user from session with email: yahudinaemilia@gmail.com
2025-06-18 21:31:50 [http-nio-8080-exec-7] INFO  o.e.p.services.UserServiceImpl - Attempting to get user from session with email: yahudinaemilia@gmail.com
2025-06-18 21:31:51 [http-nio-8080-exec-6] INFO  o.e.p.services.UserServiceImpl - Searching for user by email: yahudinaemilia@gmail.com
2025-06-18 21:31:51 [http-nio-8080-exec-3] INFO  o.e.p.services.UserServiceImpl - Attempting to get user from session with email: yahudinaemilia@gmail.com
2025-06-18 21:34:32 [http-nio-8080-exec-4] INFO  o.e.p.services.UserServiceImpl - Attempting to get user from session with email: yahudinaemilia@gmail.com
2025-06-18 21:34:32 [http-nio-8080-exec-5] INFO  o.e.p.services.UserServiceImpl - Attempting to get user from session with email: yahudinaemilia@gmail.com
2025-06-18 21:34:32 [http-nio-8080-exec-4] INFO  o.e.p.services.UserServiceImpl - Attempting to get user from session with email: yahudinaemilia@gmail.com
2025-06-18 21:34:34 [http-nio-8080-exec-8] INFO  o.e.p.services.UserServiceImpl - Attempting to get user from session with email: yahudinaemilia@gmail.com
2025-06-18 21:34:35 [http-nio-8080-exec-9] INFO  o.e.p.services.UserServiceImpl - Attempting to get user from session with email: yahudinaemilia@gmail.com
2025-06-18 21:37:50 [http-nio-8080-exec-10] INFO  o.e.p.services.UserServiceImpl - Searching for user by email: yahudinaemilia@gmail.com
2025-06-18 21:37:50 [http-nio-8080-exec-1] INFO  o.e.p.services.UserServiceImpl - Attempting to get user from session with email: yahudinaemilia@gmail.com
2025-06-18 21:37:51 [http-nio-8080-exec-6] INFO  o.e.p.services.UserServiceImpl - Attempting to get user from session with email: yahudinaemilia@gmail.com
2025-06-18 21:37:51 [http-nio-8080-exec-9] INFO  o.e.p.services.UserServiceImpl - Attempting to get user from session with email: yahudinaemilia@gmail.com
2025-06-18 21:37:51 [http-nio-8080-exec-6] INFO  o.e.p.services.UserServiceImpl - Attempting to get user from session with email: yahudinaemilia@gmail.com
2025-06-18 21:37:54 [http-nio-8080-exec-2] INFO  o.e.p.services.UserServiceImpl - Attempting to get user from session with email: yahudinaemilia@gmail.com
2025-06-18 21:37:56 [http-nio-8080-exec-10] INFO  o.e.p.services.UserServiceImpl - Attempting to get user from session with email: yahudinaemilia@gmail.com
2025-06-18 21:38:00 [http-nio-8080-exec-7] INFO  o.e.p.services.UserServiceImpl - Searching for user by email: yahudinaemilia@gmail.com
2025-06-18 21:38:00 [http-nio-8080-exec-7] INFO  o.e.p.services.UserServiceImpl - Attempting to get user from session with email: yahudinaemilia@gmail.com
2025-06-18 21:38:01 [http-nio-8080-exec-1] INFO  o.e.p.services.UserServiceImpl - Attempting to get user from session with email: yahudinaemilia@gmail.com
2025-06-18 21:38:01 [http-nio-8080-exec-6] INFO  o.e.p.services.UserServiceImpl - Attempting to get user from session with email: yahudinaemilia@gmail.com
2025-06-18 21:38:01 [http-nio-8080-exec-1] INFO  o.e.p.services.UserServiceImpl - Attempting to get user from session with email: yahudinaemilia@gmail.com
2025-06-18 21:38:02 [http-nio-8080-exec-5] INFO  o.e.p.services.UserServiceImpl - Searching for user by email: yahudinaemilia@gmail.com
2025-06-18 21:38:03 [http-nio-8080-exec-3] INFO  o.e.p.services.UserServiceImpl - Attempting to get user from session with email: yahudinaemilia@gmail.com
2025-06-18 21:38:24 [http-nio-8080-exec-10] INFO  o.e.p.services.UserServiceImpl - Searching for user by email: yahudinaemilia@gmail.com
2025-06-18 21:39:05 [http-nio-8080-exec-1] INFO  o.e.p.services.UserServiceImpl - Searching for user by email: yahudinaemilia@gmail.com
2025-06-18 21:44:49 [http-nio-8080-exec-9] INFO  o.e.p.services.UserServiceImpl - Searching for user by email: yahudinaemilia@gmail.com
2025-06-18 21:44:50 [http-nio-8080-exec-1] INFO  o.e.p.services.UserServiceImpl - Attempting to get user from session with email: yahudinaemilia@gmail.com
2025-06-18 21:44:52 [http-nio-8080-exec-10] INFO  o.e.p.services.UserServiceImpl - Searching for user by email: yahudinaemilia@gmail.com
2025-06-18 21:45:13 [http-nio-8080-exec-5] INFO  o.e.p.services.UserServiceImpl - Searching for user by email: yahudinaemilia@gmail.com
2025-06-18 21:45:16 [http-nio-8080-exec-6] INFO  o.e.p.services.UserServiceImpl - Searching for user by email: yahudinaemilia@gmail.com
2025-06-18 21:45:17 [http-nio-8080-exec-4] INFO  o.e.p.services.UserServiceImpl - Searching for user by email: yahudinaemilia@gmail.com
2025-06-18 21:45:33 [http-nio-8080-exec-7] INFO  o.e.p.services.UserServiceImpl - Searching for user by email: yahudinaemilia@gmail.com
2025-06-18 21:45:34 [http-nio-8080-exec-8] INFO  o.e.p.services.UserServiceImpl - Searching for user by email: yahudinaemilia@gmail.com
2025-06-18 21:45:43 [http-nio-8080-exec-9] INFO  o.e.p.services.UserServiceImpl - Searching for user by email: yahudinaemilia@gmail.com
2025-06-18 21:45:47 [http-nio-8080-exec-1] INFO  o.e.p.services.UserServiceImpl - Searching for user by email: yahudinaemilia@gmail.com
2025-06-18 21:45:48 [http-nio-8080-exec-2] INFO  o.e.p.services.UserServiceImpl - Searching for user by email: yahudinaemilia@gmail.com
2025-06-18 21:45:54 [http-nio-8080-exec-1] INFO  o.e.p.services.UserServiceImpl - Searching for user by email: yahudinaemilia@gmail.com
2025-06-18 21:45:54 [http-nio-8080-exec-9] INFO  o.e.p.services.UserServiceImpl - Attempting to get user from session with email: yahudinaemilia@gmail.com
2025-06-18 21:45:58 [http-nio-8080-exec-5] INFO  o.e.p.services.UserServiceImpl - Searching for user by email: yahudinaemilia@gmail.com
2025-06-18 21:46:04 [http-nio-8080-exec-1] INFO  o.e.p.services.UserServiceImpl - Searching for user by email: yahudinaemilia@gmail.com
2025-06-18 21:46:09 [http-nio-8080-exec-8] INFO  o.e.p.services.UserServiceImpl - Searching for user by email: yahudinaemilia@gmail.com
2025-06-18 21:46:10 [http-nio-8080-exec-9] INFO  o.e.p.services.UserServiceImpl - Searching for user by email: yahudinaemilia@gmail.com
2025-06-18 22:24:59 [http-nio-8080-exec-7] INFO  o.e.p.services.UserServiceImpl - Searching for user by email: yahudinaemilia@gmail.com
2025-06-18 22:24:59 [http-nio-8080-exec-5] INFO  o.e.p.services.UserServiceImpl - Attempting to get user from session with email: yahudinaemilia@gmail.com
2025-06-18 22:25:00 [http-nio-8080-exec-8] INFO  o.e.p.services.UserServiceImpl - Searching for user by email: yahudinaemilia@gmail.com
2025-06-18 22:25:02 [http-nio-8080-exec-9] INFO  o.e.p.services.UserServiceImpl - Searching for user by email: yahudinaemilia@gmail.com
2025-06-18 22:25:07 [http-nio-8080-exec-3] INFO  o.e.p.services.UserServiceImpl - Searching for user by email: yahudinaemilia@gmail.com
2025-06-18 22:25:07 [http-nio-8080-exec-6] INFO  o.e.p.services.UserServiceImpl - Searching for user by email: yahudinaemilia@gmail.com
2025-06-18 22:25:12 [http-nio-8080-exec-2] INFO  o.e.p.services.UserServiceImpl - Searching for user by email: yahudinaemilia@gmail.com
2025-06-18 22:25:12 [http-nio-8080-exec-2] INFO  o.e.p.services.UserServiceImpl - Attempting to get user from session with email: yahudinaemilia@gmail.com
2025-06-18 22:25:22 [http-nio-8080-exec-10] INFO  o.e.p.services.UserServiceImpl - Attempting to get user from session with email: yahudinaemilia@gmail.com
2025-06-18 22:25:23 [http-nio-8080-exec-6] INFO  o.e.p.services.UserServiceImpl - Attempting to get user from session with email: yahudinaemilia@gmail.com
2025-06-18 22:25:23 [http-nio-8080-exec-10] INFO  o.e.p.services.UserServiceImpl - Attempting to get user from session with email: yahudinaemilia@gmail.com
2025-06-18 22:25:24 [http-nio-8080-exec-3] INFO  o.e.p.services.UserServiceImpl - Attempting to get user from session with email: yahudinaemilia@gmail.com
2025-06-18 22:25:27 [http-nio-8080-exec-4] INFO  o.e.p.services.UserServiceImpl - Attempting to get user from session with email: yahudinaemilia@gmail.com
2025-06-18 22:25:27 [http-nio-8080-exec-10] INFO  o.e.p.services.UserServiceImpl - Attempting to get user from session with email: yahudinaemilia@gmail.com
2025-06-18 22:25:27 [http-nio-8080-exec-9] INFO  o.e.p.services.UserServiceImpl - Attempting to get user from session with email: yahudinaemilia@gmail.com
2025-06-18 22:25:29 [http-nio-8080-exec-3] INFO  o.e.p.services.UserServiceImpl - Attempting to get user from session with email: yahudinaemilia@gmail.com
2025-06-18 22:25:29 [http-nio-8080-exec-9] INFO  o.e.p.services.UserServiceImpl - Attempting to get user from session with email: yahudinaemilia@gmail.com
2025-06-18 22:25:30 [http-nio-8080-exec-3] INFO  o.e.p.services.UserServiceImpl - Attempting to get user from session with email: yahudinaemilia@gmail.com
2025-06-18 22:30:37 [http-nio-8080-exec-2] INFO  o.e.p.services.UserServiceImpl - Attempting to get user from session with email: yahudinaemilia@gmail.com
2025-06-18 22:30:38 [http-nio-8080-exec-3] INFO  o.e.p.services.UserServiceImpl - Attempting to get user from session with email: yahudinaemilia@gmail.com
2025-06-18 22:35:14 [http-nio-8080-exec-2] INFO  o.e.p.services.UserServiceImpl - Attempting to get user from session with email: yahudinaemilia@gmail.com
2025-06-18 22:36:32 [http-nio-8080-exec-8] INFO  o.e.p.services.UserServiceImpl - Attempting to get user from session with email: yahudinaemilia@gmail.com
2025-06-18 22:36:40 [http-nio-8080-exec-7] INFO  o.e.p.services.UserServiceImpl - Attempting to get user from session with email: yahudinaemilia@gmail.com
2025-06-18 22:36:43 [http-nio-8080-exec-6] INFO  o.e.p.services.UserServiceImpl - Attempting to get user from session with email: yahudinaemilia@gmail.com
2025-06-18 22:36:44 [http-nio-8080-exec-2] INFO  o.e.p.services.UserServiceImpl - Attempting to get user from session with email: yahudinaemilia@gmail.com
2025-06-18 22:36:51 [http-nio-8080-exec-3] INFO  o.e.p.services.UserServiceImpl - Attempting to get user from session with email: yahudinaemilia@gmail.com
2025-06-18 22:36:51 [http-nio-8080-exec-8] INFO  o.e.p.services.UserServiceImpl - Attempting to get user from session with email: yahudinaemilia@gmail.com
2025-06-18 22:48:22 [http-nio-8080-exec-1] INFO  o.e.p.services.UserServiceImpl - Attempting to get user from session with email: anonymousUser
2025-06-18 22:48:22 [http-nio-8080-exec-1] ERROR o.e.p.services.UserServiceImpl - User not found for email: anonymousUser
2025-06-18 22:48:22 [http-nio-8080-exec-1] ERROR o.e.p.services.UserServiceImpl - Error getting user from session
org.springframework.security.core.userdetails.UsernameNotFoundException: User not found with email: anonymousUser
	at org.example.plastinka2.services.UserServiceImpl.lambda$getUserFromSession$1(UserServiceImpl.java:71)
	at java.base/java.util.Optional.orElseThrow(Optional.java:403)
	at org.example.plastinka2.services.UserServiceImpl.getUserFromSession(UserServiceImpl.java:69)
	at org.example.plastinka2.controllers.ProductController.getCurrentUser(ProductController.java:91)
	at org.example.plastinka2.controllers.ProductController.showProduct(ProductController.java:47)
	at java.base/jdk.internal.reflect.NativeMethodAccessorImpl.invoke0(Native Method)
	at java.base/jdk.internal.reflect.NativeMethodAccessorImpl.invoke(NativeMethodAccessorImpl.java:77)
	at java.base/jdk.internal.reflect.DelegatingMethodAccessorImpl.invoke(DelegatingMethodAccessorImpl.java:43)
	at java.base/java.lang.reflect.Method.invoke(Method.java:569)
	at org.springframework.web.method.support.InvocableHandlerMethod.doInvoke(InvocableHandlerMethod.java:197)
	at org.springframework.web.method.support.InvocableHandlerMethod.invokeForRequest(InvocableHandlerMethod.java:141)
	at org.springframework.web.servlet.mvc.method.annotation.ServletInvocableHandlerMethod.invokeAndHandle(ServletInvocableHandlerMethod.java:106)
	at org.springframework.web.servlet.mvc.method.annotation.RequestMappingHandlerAdapter.invokeHandlerMethod(RequestMappingHandlerAdapter.java:894)
	at org.springframework.web.servlet.mvc.method.annotation.RequestMappingHandlerAdapter.handleInternal(RequestMappingHandlerAdapter.java:808)
	at org.springframework.web.servlet.mvc.method.AbstractHandlerMethodAdapter.handle(AbstractHandlerMethodAdapter.java:87)
	at org.springframework.web.servlet.DispatcherServlet.doDispatch(DispatcherServlet.java:1060)
	at org.springframework.web.servlet.DispatcherServlet.doService(DispatcherServlet.java:962)
	at org.springframework.web.servlet.FrameworkServlet.processRequest(FrameworkServlet.java:1006)
	at org.springframework.web.servlet.FrameworkServlet.doGet(FrameworkServlet.java:898)
	at javax.servlet.http.HttpServlet.service(HttpServlet.java:626)
	at org.springframework.web.servlet.FrameworkServlet.service(FrameworkServlet.java:883)
	at javax.servlet.http.HttpServlet.service(HttpServlet.java:733)
	at org.apache.catalina.core.ApplicationFilterChain.internalDoFilter(ApplicationFilterChain.java:231)
	at org.apache.catalina.core.ApplicationFilterChain.doFilter(ApplicationFilterChain.java:166)
	at org.apache.tomcat.websocket.server.WsFilter.doFilter(WsFilter.java:53)
	at org.apache.catalina.core.ApplicationFilterChain.internalDoFilter(ApplicationFilterChain.java:193)
	at org.apache.catalina.core.ApplicationFilterChain.doFilter(ApplicationFilterChain.java:166)
	at org.springframework.security.web.FilterChainProxy$VirtualFilterChain.doFilter(FilterChainProxy.java:327)
	at org.springframework.security.web.access.intercept.FilterSecurityInterceptor.invoke(FilterSecurityInterceptor.java:115)
	at org.springframework.security.web.access.intercept.FilterSecurityInterceptor.doFilter(FilterSecurityInterceptor.java:81)
	at org.springframework.security.web.FilterChainProxy$VirtualFilterChain.doFilter(FilterChainProxy.java:336)
	at org.springframework.security.web.access.ExceptionTranslationFilter.doFilter(ExceptionTranslationFilter.java:119)
	at org.springframework.security.web.access.ExceptionTranslationFilter.doFilter(ExceptionTranslationFilter.java:113)
	at org.springframework.security.web.FilterChainProxy$VirtualFilterChain.doFilter(FilterChainProxy.java:336)
	at org.springframework.security.web.session.SessionManagementFilter.doFilter(SessionManagementFilter.java:126)
	at org.springframework.security.web.session.SessionManagementFilter.doFilter(SessionManagementFilter.java:81)
	at org.springframework.security.web.FilterChainProxy$VirtualFilterChain.doFilter(FilterChainProxy.java:336)
	at org.springframework.security.web.authentication.AnonymousAuthenticationFilter.doFilter(AnonymousAuthenticationFilter.java:105)
	at org.springframework.security.web.FilterChainProxy$VirtualFilterChain.doFilter(FilterChainProxy.java:336)
	at org.springframework.security.web.servletapi.SecurityContextHolderAwareRequestFilter.doFilter(SecurityContextHolderAwareRequestFilter.java:149)
	at org.springframework.security.web.FilterChainProxy$VirtualFilterChain.doFilter(FilterChainProxy.java:336)
	at org.springframework.security.web.savedrequest.RequestCacheAwareFilter.doFilter(RequestCacheAwareFilter.java:63)
	at org.springframework.security.web.FilterChainProxy$VirtualFilterChain.doFilter(FilterChainProxy.java:336)
	at org.springframework.security.web.authentication.AbstractAuthenticationProcessingFilter.doFilter(AbstractAuthenticationProcessingFilter.java:218)
	at org.springframework.security.web.authentication.AbstractAuthenticationProcessingFilter.doFilter(AbstractAuthenticationProcessingFilter.java:212)
	at org.springframework.security.web.FilterChainProxy$VirtualFilterChain.doFilter(FilterChainProxy.java:336)
	at org.springframework.security.web.authentication.logout.LogoutFilter.doFilter(LogoutFilter.java:103)
	at org.springframework.security.web.authentication.logout.LogoutFilter.doFilter(LogoutFilter.java:89)
	at org.springframework.security.web.FilterChainProxy$VirtualFilterChain.doFilter(FilterChainProxy.java:336)
	at org.springframework.security.web.csrf.CsrfFilter.doFilterInternal(CsrfFilter.java:115)
	at org.springframework.web.filter.OncePerRequestFilter.doFilter(OncePerRequestFilter.java:119)
	at org.springframework.security.web.FilterChainProxy$VirtualFilterChain.doFilter(FilterChainProxy.java:336)
	at org.springframework.security.web.header.HeaderWriterFilter.doHeadersAfter(HeaderWriterFilter.java:90)
	at org.springframework.security.web.header.HeaderWriterFilter.doFilterInternal(HeaderWriterFilter.java:75)
	at org.springframework.web.filter.OncePerRequestFilter.doFilter(OncePerRequestFilter.java:119)
	at org.springframework.security.web.FilterChainProxy$VirtualFilterChain.doFilter(FilterChainProxy.java:336)
	at org.springframework.security.web.context.SecurityContextPersistenceFilter.doFilter(SecurityContextPersistenceFilter.java:110)
	at org.springframework.security.web.context.SecurityContextPersistenceFilter.doFilter(SecurityContextPersistenceFilter.java:80)
	at org.springframework.security.web.FilterChainProxy$VirtualFilterChain.doFilter(FilterChainProxy.java:336)
	at org.springframework.security.web.context.request.async.WebAsyncManagerIntegrationFilter.doFilterInternal(WebAsyncManagerIntegrationFilter.java:55)
	at org.springframework.web.filter.OncePerRequestFilter.doFilter(OncePerRequestFilter.java:119)
	at org.springframework.security.web.FilterChainProxy$VirtualFilterChain.doFilter(FilterChainProxy.java:336)
	at org.springframework.security.web.FilterChainProxy.doFilterInternal(FilterChainProxy.java:211)
	at org.springframework.security.web.FilterChainProxy.doFilter(FilterChainProxy.java:183)
	at org.springframework.web.filter.DelegatingFilterProxy.invokeDelegate(DelegatingFilterProxy.java:358)
	at org.springframework.web.filter.DelegatingFilterProxy.doFilter(DelegatingFilterProxy.java:271)
	at org.apache.catalina.core.ApplicationFilterChain.internalDoFilter(ApplicationFilterChain.java:193)
	at org.apache.catalina.core.ApplicationFilterChain.doFilter(ApplicationFilterChain.java:166)
	at org.springframework.web.filter.RequestContextFilter.doFilterInternal(RequestContextFilter.java:100)
	at org.springframework.web.filter.OncePerRequestFilter.doFilter(OncePerRequestFilter.java:119)
	at org.apache.catalina.core.ApplicationFilterChain.internalDoFilter(ApplicationFilterChain.java:193)
	at org.apache.catalina.core.ApplicationFilterChain.doFilter(ApplicationFilterChain.java:166)
	at org.springframework.web.filter.FormContentFilter.doFilterInternal(FormContentFilter.java:93)
	at org.springframework.web.filter.OncePerRequestFilter.doFilter(OncePerRequestFilter.java:119)
	at org.apache.catalina.core.ApplicationFilterChain.internalDoFilter(ApplicationFilterChain.java:193)
	at org.apache.catalina.core.ApplicationFilterChain.doFilter(ApplicationFilterChain.java:166)
	at org.springframework.web.filter.CharacterEncodingFilter.doFilterInternal(CharacterEncodingFilter.java:201)
	at org.springframework.web.filter.OncePerRequestFilter.doFilter(OncePerRequestFilter.java:119)
	at org.apache.catalina.core.ApplicationFilterChain.internalDoFilter(ApplicationFilterChain.java:193)
	at org.apache.catalina.core.ApplicationFilterChain.doFilter(ApplicationFilterChain.java:166)
	at org.apache.catalina.core.StandardWrapperValve.invoke(StandardWrapperValve.java:202)
	at org.apache.catalina.core.StandardContextValve.invoke(StandardContextValve.java:97)
	at org.apache.catalina.authenticator.AuthenticatorBase.invoke(AuthenticatorBase.java:542)
	at org.apache.catalina.core.StandardHostValve.invoke(StandardHostValve.java:143)
	at org.apache.catalina.valves.ErrorReportValve.invoke(ErrorReportValve.java:92)
	at org.apache.catalina.core.StandardEngineValve.invoke(StandardEngineValve.java:78)
	at org.apache.catalina.connector.CoyoteAdapter.service(CoyoteAdapter.java:343)
	at org.apache.coyote.http11.Http11Processor.service(Http11Processor.java:374)
	at org.apache.coyote.AbstractProcessorLight.process(AbstractProcessorLight.java:65)
	at org.apache.coyote.AbstractProtocol$ConnectionHandler.process(AbstractProtocol.java:888)
	at org.apache.tomcat.util.net.NioEndpoint$SocketProcessor.doRun(NioEndpoint.java:1597)
	at org.apache.tomcat.util.net.SocketProcessorBase.run(SocketProcessorBase.java:49)
	at java.base/java.util.concurrent.ThreadPoolExecutor.runWorker(ThreadPoolExecutor.java:1136)
	at java.base/java.util.concurrent.ThreadPoolExecutor$Worker.run(ThreadPoolExecutor.java:635)
	at org.apache.tomcat.util.threads.TaskThread$WrappingRunnable.run(TaskThread.java:61)
	at java.base/java.lang.Thread.run(Thread.java:840)
2025-06-18 22:48:30 [http-nio-8080-exec-5] INFO  o.e.p.services.UserServiceImpl - Searching for user by email: yahudinaemilia@gmail.com
2025-06-18 22:48:30 [http-nio-8080-exec-2] INFO  o.e.p.services.UserServiceImpl - Attempting to get user from session with email: yahudinaemilia@gmail.com
2025-06-18 22:48:31 [http-nio-8080-exec-7] INFO  o.e.p.services.UserServiceImpl - Attempting to get user from session with email: yahudinaemilia@gmail.com
2025-06-18 22:48:31 [http-nio-8080-exec-2] INFO  o.e.p.services.UserServiceImpl - Attempting to get user from session with email: yahudinaemilia@gmail.com
2025-06-18 22:48:31 [http-nio-8080-exec-7] INFO  o.e.p.services.UserServiceImpl - Attempting to get user from session with email: yahudinaemilia@gmail.com
2025-06-18 22:48:32 [http-nio-8080-exec-9] INFO  o.e.p.services.UserServiceImpl - Attempting to get user from session with email: yahudinaemilia@gmail.com
2025-06-18 22:48:32 [http-nio-8080-exec-1] INFO  o.e.p.services.UserServiceImpl - Attempting to get user from session with email: yahudinaemilia@gmail.com
2025-06-18 22:48:33 [http-nio-8080-exec-10] INFO  o.e.p.services.UserServiceImpl - Attempting to get user from session with email: yahudinaemilia@gmail.com
2025-06-18 22:48:33 [http-nio-8080-exec-6] INFO  o.e.p.services.UserServiceImpl - Attempting to get user from session with email: yahudinaemilia@gmail.com
2025-06-18 22:48:34 [http-nio-8080-exec-3] INFO  o.e.p.services.UserServiceImpl - Searching for user by email: yahudinaemilia@gmail.com
2025-06-18 22:48:35 [http-nio-8080-exec-3] INFO  o.e.p.services.UserServiceImpl - Attempting to get user from session with email: yahudinaemilia@gmail.com
2025-06-18 22:48:35 [http-nio-8080-exec-5] INFO  o.e.p.services.UserServiceImpl - Attempting to get user from session with email: yahudinaemilia@gmail.com
2025-06-18 22:48:35 [http-nio-8080-exec-6] INFO  o.e.p.services.UserServiceImpl - Attempting to get user from session with email: yahudinaemilia@gmail.com
2025-06-18 22:48:36 [http-nio-8080-exec-3] INFO  o.e.p.services.UserServiceImpl - Attempting to get user from session with email: yahudinaemilia@gmail.com
2025-06-18 22:48:36 [http-nio-8080-exec-8] INFO  o.e.p.services.UserServiceImpl - Attempting to get user from session with email: yahudinaemilia@gmail.com
2025-06-18 22:48:36 [http-nio-8080-exec-3] INFO  o.e.p.services.UserServiceImpl - Attempting to get user from session with email: yahudinaemilia@gmail.com
2025-06-18 22:48:37 [http-nio-8080-exec-9] INFO  o.e.p.services.UserServiceImpl - Attempting to get user from session with email: yahudinaemilia@gmail.com
2025-06-18 22:48:38 [http-nio-8080-exec-4] INFO  o.e.p.services.UserServiceImpl - Attempting to get user from session with email: yahudinaemilia@gmail.com
2025-06-18 22:48:42 [http-nio-8080-exec-2] INFO  o.e.p.services.UserServiceImpl - Attempting to get user from session with email: yahudinaemilia@gmail.com
2025-06-18 22:48:43 [http-nio-8080-exec-8] INFO  o.e.p.services.UserServiceImpl - Attempting to get user from session with email: yahudinaemilia@gmail.com
2025-06-18 22:48:43 [http-nio-8080-exec-2] INFO  o.e.p.services.UserServiceImpl - Attempting to get user from session with email: yahudinaemilia@gmail.com
2025-06-18 22:50:59 [http-nio-8080-exec-9] INFO  o.e.p.services.UserServiceImpl - Searching for user by email: yahudinaemilia@gmail.com
2025-06-18 22:51:00 [http-nio-8080-exec-5] INFO  o.e.p.services.UserServiceImpl - Attempting to get user from session with email: yahudinaemilia@gmail.com
2025-06-18 22:51:01 [http-nio-8080-exec-2] INFO  o.e.p.services.UserServiceImpl - Attempting to get user from session with email: yahudinaemilia@gmail.com
2025-06-18 22:51:01 [http-nio-8080-exec-5] INFO  o.e.p.services.UserServiceImpl - Attempting to get user from session with email: yahudinaemilia@gmail.com
2025-06-18 22:51:01 [http-nio-8080-exec-2] INFO  o.e.p.services.UserServiceImpl - Attempting to get user from session with email: yahudinaemilia@gmail.com
2025-06-18 22:51:03 [http-nio-8080-exec-8] INFO  o.e.p.services.UserServiceImpl - Attempting to get user from session with email: yahudinaemilia@gmail.com
2025-06-18 22:51:05 [http-nio-8080-exec-9] INFO  o.e.p.services.UserServiceImpl - Attempting to get user from session with email: yahudinaemilia@gmail.com
2025-06-18 22:51:07 [http-nio-8080-exec-1] INFO  o.e.p.services.UserServiceImpl - Attempting to get user from session with email: yahudinaemilia@gmail.com
2025-06-18 22:51:39 [http-nio-8080-exec-2] INFO  o.e.p.services.UserServiceImpl - Searching for user by email: yahudinaemilia@gmail.com
2025-06-18 22:52:19 [http-nio-8080-exec-5] INFO  o.e.p.services.UserServiceImpl - Searching for user by email: yahudinaemilia@gmail.com
2025-06-18 22:52:20 [http-nio-8080-exec-9] INFO  o.e.p.services.UserServiceImpl - Attempting to get user from session with email: yahudinaemilia@gmail.com
2025-06-18 22:52:23 [http-nio-8080-exec-8] INFO  o.e.p.services.UserServiceImpl - Searching for user by email: yahudinaemilia@gmail.com
2025-06-18 22:52:24 [http-nio-8080-exec-2] INFO  o.e.p.services.UserServiceImpl - Searching for user by email: yahudinaemilia@gmail.com
2025-06-18 22:52:25 [http-nio-8080-exec-1] INFO  o.e.p.services.UserServiceImpl - Attempting to get user from session with email: yahudinaemilia@gmail.com
2025-06-18 22:52:58 [http-nio-8080-exec-4] INFO  o.e.p.services.UserServiceImpl - Searching for user by email: yahudinaemilia@gmail.com
2025-06-18 22:52:58 [http-nio-8080-exec-10] INFO  o.e.p.services.UserServiceImpl - Attempting to get user from session with email: yahudinaemilia@gmail.com
2025-06-18 22:53:02 [http-nio-8080-exec-6] INFO  o.e.p.services.UserServiceImpl - Searching for user by email: yahudinaemilia@gmail.com
2025-06-18 22:53:02 [http-nio-8080-exec-1] INFO  o.e.p.services.UserServiceImpl - Attempting to get user from session with email: yahudinaemilia@gmail.com
2025-06-18 22:54:31 [http-nio-8080-exec-8] INFO  o.e.p.services.UserServiceImpl - Searching for user by email: yahudinaemilia@gmail.com
2025-06-18 22:54:32 [http-nio-8080-exec-3] INFO  o.e.p.services.UserServiceImpl - Attempting to get user from session with email: yahudinaemilia@gmail.com
2025-06-18 23:01:14 [http-nio-8080-exec-8] INFO  o.e.p.services.UserServiceImpl - Searching for user by email: yahudinaemilia@gmail.com
2025-06-18 23:01:14 [http-nio-8080-exec-2] INFO  o.e.p.services.UserServiceImpl - Attempting to get user from session with email: yahudinaemilia@gmail.com
2025-06-18 23:01:15 [http-nio-8080-exec-4] INFO  o.e.p.services.UserServiceImpl - Searching for user by email: yahudinaemilia@gmail.com
2025-06-18 23:01:16 [http-nio-8080-exec-6] INFO  o.e.p.services.UserServiceImpl - Attempting to get user from session with email: yahudinaemilia@gmail.com
2025-06-18 23:01:37 [http-nio-8080-exec-7] INFO  o.e.p.services.UserServiceImpl - Attempting to get user from session with email: yahudinaemilia@gmail.com
2025-06-18 23:01:37 [http-nio-8080-exec-5] INFO  o.e.p.services.UserServiceImpl - Attempting to get user from session with email: yahudinaemilia@gmail.com
2025-06-18 23:01:37 [http-nio-8080-exec-7] INFO  o.e.p.services.UserServiceImpl - Attempting to get user from session with email: yahudinaemilia@gmail.com
2025-06-18 23:01:38 [http-nio-8080-exec-9] INFO  o.e.p.services.UserServiceImpl - Attempting to get user from session with email: yahudinaemilia@gmail.com
2025-06-18 23:01:38 [http-nio-8080-exec-10] INFO  o.e.p.services.UserServiceImpl - Attempting to get user from session with email: yahudinaemilia@gmail.com
2025-06-18 23:01:39 [http-nio-8080-exec-2] INFO  o.e.p.services.UserServiceImpl - Searching for user by email: yahudinaemilia@gmail.com
2025-06-18 23:01:40 [http-nio-8080-exec-4] INFO  o.e.p.services.UserServiceImpl - Attempting to get user from session with email: yahudinaemilia@gmail.com
2025-06-18 23:01:40 [http-nio-8080-exec-3] INFO  o.e.p.services.UserServiceImpl - Searching for user by email: yahudinaemilia@gmail.com
2025-06-18 23:01:43 [http-nio-8080-exec-10] INFO  o.e.p.services.UserServiceImpl - Searching for user by email: yahudinaemilia@gmail.com
2025-06-18 23:01:44 [http-nio-8080-exec-7] INFO  o.e.p.services.UserServiceImpl - Attempting to get user from session with email: yahudinaemilia@gmail.com
2025-06-18 23:01:48 [http-nio-8080-exec-8] INFO  o.e.p.services.UserServiceImpl - Searching for user by email: yahudinaemilia@gmail.com
2025-06-18 23:01:50 [http-nio-8080-exec-1] INFO  o.e.p.services.UserServiceImpl - Attempting to get user from session with email: yahudinaemilia@gmail.com
2025-06-18 23:01:50 [http-nio-8080-exec-2] INFO  o.e.p.services.UserServiceImpl - Attempting to get user from session with email: yahudinaemilia@gmail.com
2025-06-18 23:01:50 [http-nio-8080-exec-6] INFO  o.e.p.services.UserServiceImpl - Attempting to get user from session with email: yahudinaemilia@gmail.com
2025-06-18 23:01:53 [http-nio-8080-exec-3] INFO  o.e.p.services.UserServiceImpl - Searching for user by email: yahudinaemilia@gmail.com
2025-06-18 23:01:54 [http-nio-8080-exec-3] INFO  o.e.p.services.UserServiceImpl - Searching for user by email: yahudinaemilia@gmail.com
2025-06-18 23:01:54 [http-nio-8080-exec-8] INFO  o.e.p.services.UserServiceImpl - Attempting to get user from session with email: yahudinaemilia@gmail.com
2025-06-18 23:02:39 [http-nio-8080-exec-3] INFO  o.e.p.services.UserServiceImpl - Attempting to get user from session with email: yahudinaemilia@gmail.com
2025-06-18 23:02:39 [http-nio-8080-exec-1] INFO  o.e.p.services.UserServiceImpl - Attempting to get user from session with email: yahudinaemilia@gmail.com
2025-06-18 23:02:40 [http-nio-8080-exec-3] INFO  o.e.p.services.UserServiceImpl - Attempting to get user from session with email: yahudinaemilia@gmail.com
2025-06-18 23:02:43 [http-nio-8080-exec-10] INFO  o.e.p.services.UserServiceImpl - Attempting to get user from session with email: yahudinaemilia@gmail.com
2025-06-18 23:02:45 [http-nio-8080-exec-4] INFO  o.e.p.services.UserServiceImpl - Searching for user by email: yahudinaemilia@gmail.com
2025-06-18 23:02:46 [http-nio-8080-exec-5] INFO  o.e.p.services.UserServiceImpl - Attempting to get user from session with email: yahudinaemilia@gmail.com
2025-06-18 23:02:48 [http-nio-8080-exec-7] INFO  o.e.p.services.UserServiceImpl - Attempting to get user from session with email: yahudinaemilia@gmail.com
2025-06-18 23:02:48 [http-nio-8080-exec-5] INFO  o.e.p.services.UserServiceImpl - Attempting to get user from session with email: yahudinaemilia@gmail.com
2025-06-18 23:02:49 [http-nio-8080-exec-8] INFO  o.e.p.services.UserServiceImpl - Attempting to get user from session with email: yahudinaemilia@gmail.com
2025-06-18 23:02:49 [http-nio-8080-exec-7] INFO  o.e.p.services.UserServiceImpl - Attempting to get user from session with email: yahudinaemilia@gmail.com
2025-06-18 23:02:49 [http-nio-8080-exec-8] INFO  o.e.p.services.UserServiceImpl - Attempting to get user from session with email: yahudinaemilia@gmail.com
2025-06-18 23:02:56 [http-nio-8080-exec-1] INFO  o.e.p.services.UserServiceImpl - Attempting to get user from session with email: yahudinaemilia@gmail.com
2025-06-18 23:03:12 [http-nio-8080-exec-9] INFO  o.e.p.services.UserServiceImpl - Searching for user by email: yahudinaemilia@gmail.com
2025-06-18 23:03:13 [http-nio-8080-exec-5] INFO  o.e.p.services.UserServiceImpl - Attempting to get user from session with email: yahudinaemilia@gmail.com
2025-06-18 23:52:10 [http-nio-8080-exec-1] INFO  o.e.p.services.UserServiceImpl - Attempting to get user from session with email: anonymousUser
2025-06-18 23:52:10 [http-nio-8080-exec-1] ERROR o.e.p.services.UserServiceImpl - User not found for email: anonymousUser
2025-06-18 23:52:10 [http-nio-8080-exec-1] ERROR o.e.p.services.UserServiceImpl - Error getting user from session
org.springframework.security.core.userdetails.UsernameNotFoundException: User not found with email: anonymousUser
	at org.example.plastinka2.services.UserServiceImpl.lambda$getUserFromSession$1(UserServiceImpl.java:71)
	at java.base/java.util.Optional.orElseThrow(Optional.java:403)
	at org.example.plastinka2.services.UserServiceImpl.getUserFromSession(UserServiceImpl.java:69)
	at org.example.plastinka2.controllers.ProductController.getCurrentUser(ProductController.java:90)
	at org.example.plastinka2.controllers.ProductController.showProduct(ProductController.java:47)
	at java.base/jdk.internal.reflect.NativeMethodAccessorImpl.invoke0(Native Method)
	at java.base/jdk.internal.reflect.NativeMethodAccessorImpl.invoke(NativeMethodAccessorImpl.java:77)
	at java.base/jdk.internal.reflect.DelegatingMethodAccessorImpl.invoke(DelegatingMethodAccessorImpl.java:43)
	at java.base/java.lang.reflect.Method.invoke(Method.java:569)
	at org.springframework.web.method.support.InvocableHandlerMethod.doInvoke(InvocableHandlerMethod.java:197)
	at org.springframework.web.method.support.InvocableHandlerMethod.invokeForRequest(InvocableHandlerMethod.java:141)
	at org.springframework.web.servlet.mvc.method.annotation.ServletInvocableHandlerMethod.invokeAndHandle(ServletInvocableHandlerMethod.java:106)
	at org.springframework.web.servlet.mvc.method.annotation.RequestMappingHandlerAdapter.invokeHandlerMethod(RequestMappingHandlerAdapter.java:894)
	at org.springframework.web.servlet.mvc.method.annotation.RequestMappingHandlerAdapter.handleInternal(RequestMappingHandlerAdapter.java:808)
	at org.springframework.web.servlet.mvc.method.AbstractHandlerMethodAdapter.handle(AbstractHandlerMethodAdapter.java:87)
	at org.springframework.web.servlet.DispatcherServlet.doDispatch(DispatcherServlet.java:1060)
	at org.springframework.web.servlet.DispatcherServlet.doService(DispatcherServlet.java:962)
	at org.springframework.web.servlet.FrameworkServlet.processRequest(FrameworkServlet.java:1006)
	at org.springframework.web.servlet.FrameworkServlet.doGet(FrameworkServlet.java:898)
	at javax.servlet.http.HttpServlet.service(HttpServlet.java:626)
	at org.springframework.web.servlet.FrameworkServlet.service(FrameworkServlet.java:883)
	at javax.servlet.http.HttpServlet.service(HttpServlet.java:733)
	at org.apache.catalina.core.ApplicationFilterChain.internalDoFilter(ApplicationFilterChain.java:231)
	at org.apache.catalina.core.ApplicationFilterChain.doFilter(ApplicationFilterChain.java:166)
	at org.apache.tomcat.websocket.server.WsFilter.doFilter(WsFilter.java:53)
	at org.apache.catalina.core.ApplicationFilterChain.internalDoFilter(ApplicationFilterChain.java:193)
	at org.apache.catalina.core.ApplicationFilterChain.doFilter(ApplicationFilterChain.java:166)
	at org.springframework.security.web.FilterChainProxy$VirtualFilterChain.doFilter(FilterChainProxy.java:327)
	at org.springframework.security.web.access.intercept.FilterSecurityInterceptor.invoke(FilterSecurityInterceptor.java:115)
	at org.springframework.security.web.access.intercept.FilterSecurityInterceptor.doFilter(FilterSecurityInterceptor.java:81)
	at org.springframework.security.web.FilterChainProxy$VirtualFilterChain.doFilter(FilterChainProxy.java:336)
	at org.springframework.security.web.access.ExceptionTranslationFilter.doFilter(ExceptionTranslationFilter.java:119)
	at org.springframework.security.web.access.ExceptionTranslationFilter.doFilter(ExceptionTranslationFilter.java:113)
	at org.springframework.security.web.FilterChainProxy$VirtualFilterChain.doFilter(FilterChainProxy.java:336)
	at org.springframework.security.web.session.SessionManagementFilter.doFilter(SessionManagementFilter.java:126)
	at org.springframework.security.web.session.SessionManagementFilter.doFilter(SessionManagementFilter.java:81)
	at org.springframework.security.web.FilterChainProxy$VirtualFilterChain.doFilter(FilterChainProxy.java:336)
	at org.springframework.security.web.authentication.AnonymousAuthenticationFilter.doFilter(AnonymousAuthenticationFilter.java:105)
	at org.springframework.security.web.FilterChainProxy$VirtualFilterChain.doFilter(FilterChainProxy.java:336)
	at org.springframework.security.web.servletapi.SecurityContextHolderAwareRequestFilter.doFilter(SecurityContextHolderAwareRequestFilter.java:149)
	at org.springframework.security.web.FilterChainProxy$VirtualFilterChain.doFilter(FilterChainProxy.java:336)
	at org.springframework.security.web.savedrequest.RequestCacheAwareFilter.doFilter(RequestCacheAwareFilter.java:63)
	at org.springframework.security.web.FilterChainProxy$VirtualFilterChain.doFilter(FilterChainProxy.java:336)
	at org.springframework.security.web.authentication.AbstractAuthenticationProcessingFilter.doFilter(AbstractAuthenticationProcessingFilter.java:218)
	at org.springframework.security.web.authentication.AbstractAuthenticationProcessingFilter.doFilter(AbstractAuthenticationProcessingFilter.java:212)
	at org.springframework.security.web.FilterChainProxy$VirtualFilterChain.doFilter(FilterChainProxy.java:336)
	at org.springframework.security.web.authentication.logout.LogoutFilter.doFilter(LogoutFilter.java:103)
	at org.springframework.security.web.authentication.logout.LogoutFilter.doFilter(LogoutFilter.java:89)
	at org.springframework.security.web.FilterChainProxy$VirtualFilterChain.doFilter(FilterChainProxy.java:336)
	at org.springframework.security.web.csrf.CsrfFilter.doFilterInternal(CsrfFilter.java:115)
	at org.springframework.web.filter.OncePerRequestFilter.doFilter(OncePerRequestFilter.java:119)
	at org.springframework.security.web.FilterChainProxy$VirtualFilterChain.doFilter(FilterChainProxy.java:336)
	at org.springframework.security.web.header.HeaderWriterFilter.doHeadersAfter(HeaderWriterFilter.java:90)
	at org.springframework.security.web.header.HeaderWriterFilter.doFilterInternal(HeaderWriterFilter.java:75)
	at org.springframework.web.filter.OncePerRequestFilter.doFilter(OncePerRequestFilter.java:119)
	at org.springframework.security.web.FilterChainProxy$VirtualFilterChain.doFilter(FilterChainProxy.java:336)
	at org.springframework.security.web.context.SecurityContextPersistenceFilter.doFilter(SecurityContextPersistenceFilter.java:110)
	at org.springframework.security.web.context.SecurityContextPersistenceFilter.doFilter(SecurityContextPersistenceFilter.java:80)
	at org.springframework.security.web.FilterChainProxy$VirtualFilterChain.doFilter(FilterChainProxy.java:336)
	at org.springframework.security.web.context.request.async.WebAsyncManagerIntegrationFilter.doFilterInternal(WebAsyncManagerIntegrationFilter.java:55)
	at org.springframework.web.filter.OncePerRequestFilter.doFilter(OncePerRequestFilter.java:119)
	at org.springframework.security.web.FilterChainProxy$VirtualFilterChain.doFilter(FilterChainProxy.java:336)
	at org.springframework.security.web.FilterChainProxy.doFilterInternal(FilterChainProxy.java:211)
	at org.springframework.security.web.FilterChainProxy.doFilter(FilterChainProxy.java:183)
	at org.springframework.web.filter.DelegatingFilterProxy.invokeDelegate(DelegatingFilterProxy.java:358)
	at org.springframework.web.filter.DelegatingFilterProxy.doFilter(DelegatingFilterProxy.java:271)
	at org.apache.catalina.core.ApplicationFilterChain.internalDoFilter(ApplicationFilterChain.java:193)
	at org.apache.catalina.core.ApplicationFilterChain.doFilter(ApplicationFilterChain.java:166)
	at org.springframework.web.filter.RequestContextFilter.doFilterInternal(RequestContextFilter.java:100)
	at org.springframework.web.filter.OncePerRequestFilter.doFilter(OncePerRequestFilter.java:119)
	at org.apache.catalina.core.ApplicationFilterChain.internalDoFilter(ApplicationFilterChain.java:193)
	at org.apache.catalina.core.ApplicationFilterChain.doFilter(ApplicationFilterChain.java:166)
	at org.springframework.web.filter.FormContentFilter.doFilterInternal(FormContentFilter.java:93)
	at org.springframework.web.filter.OncePerRequestFilter.doFilter(OncePerRequestFilter.java:119)
	at org.apache.catalina.core.ApplicationFilterChain.internalDoFilter(ApplicationFilterChain.java:193)
	at org.apache.catalina.core.ApplicationFilterChain.doFilter(ApplicationFilterChain.java:166)
	at org.springframework.web.filter.CharacterEncodingFilter.doFilterInternal(CharacterEncodingFilter.java:201)
	at org.springframework.web.filter.OncePerRequestFilter.doFilter(OncePerRequestFilter.java:119)
	at org.apache.catalina.core.ApplicationFilterChain.internalDoFilter(ApplicationFilterChain.java:193)
	at org.apache.catalina.core.ApplicationFilterChain.doFilter(ApplicationFilterChain.java:166)
	at org.apache.catalina.core.StandardWrapperValve.invoke(StandardWrapperValve.java:202)
	at org.apache.catalina.core.StandardContextValve.invoke(StandardContextValve.java:97)
	at org.apache.catalina.authenticator.AuthenticatorBase.invoke(AuthenticatorBase.java:542)
	at org.apache.catalina.core.StandardHostValve.invoke(StandardHostValve.java:143)
	at org.apache.catalina.valves.ErrorReportValve.invoke(ErrorReportValve.java:92)
	at org.apache.catalina.core.StandardEngineValve.invoke(StandardEngineValve.java:78)
	at org.apache.catalina.connector.CoyoteAdapter.service(CoyoteAdapter.java:343)
	at org.apache.coyote.http11.Http11Processor.service(Http11Processor.java:374)
	at org.apache.coyote.AbstractProcessorLight.process(AbstractProcessorLight.java:65)
	at org.apache.coyote.AbstractProtocol$ConnectionHandler.process(AbstractProtocol.java:888)
	at org.apache.tomcat.util.net.NioEndpoint$SocketProcessor.doRun(NioEndpoint.java:1597)
	at org.apache.tomcat.util.net.SocketProcessorBase.run(SocketProcessorBase.java:49)
	at java.base/java.util.concurrent.ThreadPoolExecutor.runWorker(ThreadPoolExecutor.java:1136)
	at java.base/java.util.concurrent.ThreadPoolExecutor$Worker.run(ThreadPoolExecutor.java:635)
	at org.apache.tomcat.util.threads.TaskThread$WrappingRunnable.run(TaskThread.java:61)
	at java.base/java.lang.Thread.run(Thread.java:840)
2025-06-18 23:52:14 [http-nio-8080-exec-6] INFO  o.e.p.services.UserServiceImpl - Searching for user by email: yahudinaemilia@gmail.com
2025-06-18 23:52:15 [http-nio-8080-exec-2] INFO  o.e.p.services.UserServiceImpl - Attempting to get user from session with email: yahudinaemilia@gmail.com
2025-06-18 23:52:19 [http-nio-8080-exec-6] INFO  o.e.p.services.UserServiceImpl - Searching for user by email: yahudinaemilia@gmail.com
2025-06-18 23:52:19 [http-nio-8080-exec-4] INFO  o.e.p.services.UserServiceImpl - Attempting to get user from session with email: yahudinaemilia@gmail.com
2025-06-18 23:52:45 [http-nio-8080-exec-6] INFO  o.e.p.services.UserServiceImpl - Attempting to get user from session with email: yahudinaemilia@gmail.com
2025-06-18 23:52:45 [http-nio-8080-exec-7] INFO  o.e.p.services.UserServiceImpl - Attempting to get user from session with email: yahudinaemilia@gmail.com
2025-06-18 23:52:45 [http-nio-8080-exec-6] INFO  o.e.p.services.UserServiceImpl - Attempting to get user from session with email: yahudinaemilia@gmail.com
2025-06-18 23:53:01 [http-nio-8080-exec-10] INFO  o.e.p.services.UserServiceImpl - Searching for user by email: yahudinaemilia@gmail.com
2025-06-18 23:53:01 [http-nio-8080-exec-8] INFO  o.e.p.services.UserServiceImpl - Attempting to get user from session with email: yahudinaemilia@gmail.com
2025-06-18 23:53:07 [http-nio-8080-exec-1] INFO  o.e.p.services.UserServiceImpl - Attempting to get user from session with email: yahudinaemilia@gmail.com
2025-06-18 23:53:07 [http-nio-8080-exec-8] INFO  o.e.p.services.UserServiceImpl - Attempting to get user from session with email: yahudinaemilia@gmail.com
2025-06-18 23:53:07 [http-nio-8080-exec-1] INFO  o.e.p.services.UserServiceImpl - Attempting to get user from session with email: yahudinaemilia@gmail.com
2025-06-18 23:53:18 [http-nio-8080-exec-10] INFO  o.e.p.services.UserServiceImpl - Searching for user by email: yahudinaemilia@gmail.com
2025-06-18 23:53:19 [http-nio-8080-exec-6] INFO  o.e.p.services.UserServiceImpl - Attempting to get user from session with email: yahudinaemilia@gmail.com
2025-06-18 23:53:24 [http-nio-8080-exec-10] INFO  o.e.p.services.UserServiceImpl - Attempting to get user from session with email: yahudinaemilia@gmail.com
2025-06-18 23:53:24 [http-nio-8080-exec-3] INFO  o.e.p.services.UserServiceImpl - Attempting to get user from session with email: yahudinaemilia@gmail.com
2025-06-18 23:53:24 [http-nio-8080-exec-7] INFO  o.e.p.services.UserServiceImpl - Attempting to get user from session with email: yahudinaemilia@gmail.com
2025-06-18 23:53:28 [http-nio-8080-exec-8] INFO  o.e.p.services.UserServiceImpl - Searching for user by email: yahudinaemilia@gmail.com
2025-06-18 23:53:29 [http-nio-8080-exec-8] INFO  o.e.p.services.UserServiceImpl - Attempting to get user from session with email: yahudinaemilia@gmail.com
